[E 2026-01-20 22:06:26,138 minium test_home_page#1044 test_myhome_business_create_others_character_specification] 文字转名片创建个人说明书失败：文字转名片创建个人说明书失败，请手动检查
[E 2026-01-20 22:06:26,230 minium minitest#793 _callTestMethod] test exception
Traceback (most recent call last):
  File "C:\Users\Mandy\AppData\Local\Programs\Python\Python313\Lib\site-packages\minium\framework\minitest.py", line 789, in _callTestMethod
    method()
    ~~~~~~^^
  File "D:\FreeTrust\FreeU_WX_Minium\test\test_home_page.py", line 1041, in test_myhome_business_create_others_character_specification
    assert self.app.current_page == find_create_other_detail_page_url, f"文字转名片创建个人说明书失败，请手动检查"
           ^^^^^^^^^^^^^^^^^^^^^^^^^^^^^^^^^^^^^^^^^^^^^^^^^^^^^^^^^^
AssertionError: 文字转名片创建个人说明书失败，请手动检查
[E 2026-01-20 22:06:26,328 minium assertbase#390 _get_stack_info] <bound method MyHomeTest.test_myhome_business_create_others_character_specification of <test.test_home_page.MyHomeTest testMethod=test_myhome_business_create_others_character_specification>>
Traceback (most recent call last):
  File "C:\Users\Mandy\AppData\Local\Programs\Python\Python313\Lib\site-packages\minium\framework\libs\unittest\case.py", line 43, in testPartExecutor
    yield
  File "C:\Users\Mandy\AppData\Local\Programs\Python\Python313\Lib\site-packages\minium\framework\libs\unittest\case.py", line 125, in run
    self._callTestMethod(testMethod)
    ~~~~~~~~~~~~~~~~~~~~^^^^^^^^^^^^
  File "C:\Users\Mandy\AppData\Local\Programs\Python\Python313\Lib\site-packages\minium\framework\minitest.py", line 789, in _callTestMethod
    method()
    ~~~~~~^^
  File "D:\FreeTrust\FreeU_WX_Minium\test\test_home_page.py", line 1041, in test_myhome_business_create_others_character_specification
    assert self.app.current_page == find_create_other_detail_page_url, f"文字转名片创建个人说明书失败，请手动检查"
           ^^^^^^^^^^^^^^^^^^^^^^^^^^^^^^^^^^^^^^^^^^^^^^^^^^^^^^^^^^
AssertionError: 文字转名片创建个人说明书失败，请手动检查
