[E 2026-01-21 11:30:36,714 minium.Conn1808 connection#668 __on_message] [ef19f164-bb31-4432-ac69-b6fccb4915d6]: no such element
[E 2026-01-21 11:30:37,721 minium.Conn1808 connection#668 __on_message] [2940fa5e-2f23-4d70-ae0f-a4ae1efd57ba]: no such element
[E 2026-01-21 11:30:38,728 minium.Conn1808 connection#668 __on_message] [59ec0406-966a-4a1e-996d-acb2ad2c7bf5]: no such element
[E 2026-01-21 11:30:39,735 minium.Conn1808 connection#668 __on_message] [d77e381a-da95-4fe1-9a6c-931dd98c1fe4]: no such element
[E 2026-01-21 11:30:40,740 minium.Conn1808 connection#668 __on_message] [4d17bc25-885a-45b6-972a-2e3cb529f3f8]: no such element
[E 2026-01-21 11:30:41,746 minium.Conn1808 connection#668 __on_message] [5eb7b715-a024-4b8b-b37e-1ef3489507e0]: no such element
[E 2026-01-21 11:30:42,755 minium.Conn1808 connection#668 __on_message] [0c23d46b-b910-4316-80e3-3c6f032c3434]: no such element
[E 2026-01-21 11:30:43,760 minium.Conn1808 connection#668 __on_message] [22e131cc-7994-454d-9b7c-425056701b61]: no such element
[E 2026-01-21 11:30:44,765 minium.Conn1808 connection#668 __on_message] [094eddd4-ce89-458f-8862-44ca4ecb5afe]: no such element
[E 2026-01-21 11:30:45,771 minium.Conn1808 connection#668 __on_message] [6c8598a7-58cb-41dc-baf9-0783f2cf0362]: no such element
[E 2026-01-21 11:30:45,808 minium test_home_page#102 test_myhome_friendship_status_change] 个人说明书状态 休闲 切换失败：element[/view[2]/view[5]/view[2]/view[1]] not found
[E 2026-01-21 11:30:45,954 minium minitest#793 _callTestMethod] test exception
Traceback (most recent call last):
  File "C:\Users\Mandy\AppData\Local\Programs\Python\Python313\Lib\site-packages\minium\framework\minitest.py", line 789, in _callTestMethod
    method()
    ~~~~~~^^
  File "D:\FreeTrust\FreeU_WX_Minium\test\test_home_page.py", line 91, in test_myhome_friendship_status_change
    current_status = self.page.get_element(myhome_select_friendship_status_element,
                                           max_timeout=max_timeout)
  File "C:\Users\Mandy\AppData\Local\Programs\Python\Python313\Lib\site-packages\minium\miniprogram\base_driver\app.py", line 291, in wrapper
    return func(*args, **kwargs)
  File "C:\Users\Mandy\AppData\Local\Programs\Python\Python313\Lib\site-packages\minium\miniprogram\base_driver\minium_log.py", line 148, in wrapper
    result = func(*args, **kwargs)
  File "C:\Users\Mandy\AppData\Local\Programs\Python\Python313\Lib\site-packages\minium\miniprogram\base_driver\page\page.py", line 363, in get_element
    return self.get_element_by_xpath(
           ~~~~~~~~~~~~~~~~~~~~~~~~~^
        _selector,
        ^^^^^^^^^^
        max_timeout=max_timeout,
        ^^^^^^^^^^^^^^^^^^^^^^^^
        auto_fix=auto_fix
        ^^^^^^^^^^^^^^^^^
    )
    ^
  File "C:\Users\Mandy\AppData\Local\Programs\Python\Python313\Lib\site-packages\minium\miniprogram\base_driver\minium_log.py", line 148, in wrapper
    result = func(*args, **kwargs)
  File "C:\Users\Mandy\AppData\Local\Programs\Python\Python313\Lib\site-packages\minium\miniprogram\base_driver\page\page.py", line 613, in get_element_by_xpath
    raise MiniElementNotFoundError(_selector)
minium.framework.exception.MiniElementNotFoundError: element[/view[2]/view[5]/view[2]/view[1]] not found
[E 2026-01-21 11:30:46,153 minium utils#166 wrapper] catch error: 'gbk' codec can't decode byte 0x83 in position 1201: illegal multibyte sequence
[E 2026-01-21 11:30:46,156 minium assertbase#390 _get_stack_info] <bound method MyHomeTest.test_myhome_friendship_status_change of <test.test_home_page.MyHomeTest testMethod=test_myhome_friendship_status_change>>
Traceback (most recent call last):
  File "C:\Users\Mandy\AppData\Local\Programs\Python\Python313\Lib\site-packages\minium\framework\libs\unittest\case.py", line 43, in testPartExecutor
    yield
  File "C:\Users\Mandy\AppData\Local\Programs\Python\Python313\Lib\site-packages\minium\framework\libs\unittest\case.py", line 125, in run
    self._callTestMethod(testMethod)
    ~~~~~~~~~~~~~~~~~~~~^^^^^^^^^^^^
  File "C:\Users\Mandy\AppData\Local\Programs\Python\Python313\Lib\site-packages\minium\framework\minitest.py", line 789, in _callTestMethod
    method()
    ~~~~~~^^
  File "D:\FreeTrust\FreeU_WX_Minium\test\test_home_page.py", line 91, in test_myhome_friendship_status_change
    current_status = self.page.get_element(myhome_select_friendship_status_element,
                                           max_timeout=max_timeout)
  File "C:\Users\Mandy\AppData\Local\Programs\Python\Python313\Lib\site-packages\minium\miniprogram\base_driver\app.py", line 291, in wrapper
    return func(*args, **kwargs)
  File "C:\Users\Mandy\AppData\Local\Programs\Python\Python313\Lib\site-packages\minium\miniprogram\base_driver\minium_log.py", line 148, in wrapper
    result = func(*args, **kwargs)
  File "C:\Users\Mandy\AppData\Local\Programs\Python\Python313\Lib\site-packages\minium\miniprogram\base_driver\page\page.py", line 363, in get_element
    return self.get_element_by_xpath(
           ~~~~~~~~~~~~~~~~~~~~~~~~~^
        _selector,
        ^^^^^^^^^^
        max_timeout=max_timeout,
        ^^^^^^^^^^^^^^^^^^^^^^^^
        auto_fix=auto_fix
        ^^^^^^^^^^^^^^^^^
    )
    ^
  File "C:\Users\Mandy\AppData\Local\Programs\Python\Python313\Lib\site-packages\minium\miniprogram\base_driver\minium_log.py", line 148, in wrapper
    result = func(*args, **kwargs)
  File "C:\Users\Mandy\AppData\Local\Programs\Python\Python313\Lib\site-packages\minium\miniprogram\base_driver\page\page.py", line 613, in get_element_by_xpath
    raise MiniElementNotFoundError(_selector)
minium.framework.exception.MiniElementNotFoundError: element[/view[2]/view[5]/view[2]/view[1]] not found
