[E 2026-01-21 11:29:41,249 minium.Conn1808 connection#668 __on_message] [5dc3ef28-f637-4782-98a2-82a6e5cf4890]: no such element
[E 2026-01-21 11:29:42,256 minium.Conn1808 connection#668 __on_message] [189208ee-360b-4d50-a02b-fc67fdabf84b]: no such element
[E 2026-01-21 11:29:43,263 minium.Conn1808 connection#668 __on_message] [59d199ac-88e7-4b5f-8ef9-b893d4a0e6ff]: no such element
[E 2026-01-21 11:29:44,267 minium.Conn1808 connection#668 __on_message] [85334130-2363-4df4-a835-7c143e9337a5]: no such element
[E 2026-01-21 11:29:45,274 minium.Conn1808 connection#668 __on_message] [b5d4c935-479d-4ee9-af8e-b972e87e784e]: no such element
[E 2026-01-21 11:29:46,281 minium.Conn1808 connection#668 __on_message] [c444fdbb-0903-43e8-b962-569786499973]: no such element
[E 2026-01-21 11:29:47,291 minium.Conn1808 connection#668 __on_message] [7327d7ba-7e96-4f43-acbd-baed3b4ea5cd]: no such element
[E 2026-01-21 11:29:48,295 minium.Conn1808 connection#668 __on_message] [36e01db7-69d9-4486-bcd7-792c7b6c8494]: no such element
[E 2026-01-21 11:29:49,302 minium.Conn1808 connection#668 __on_message] [be004a4f-d90d-43d4-8cd4-173cb71511fb]: no such element
[E 2026-01-21 11:29:50,308 minium.Conn1808 connection#668 __on_message] [e092b440-d70b-4f54-ab4b-8cf5f60598c0]: no such element
[E 2026-01-21 11:29:50,497 minium.Conn1808 connection#668 __on_message] [2389a28c-29ba-49a6-b241-1b6a6b5c644e]: no such element
[E 2026-01-21 11:29:51,502 minium.Conn1808 connection#668 __on_message] [4495aaef-b8a3-4140-bca6-0e83ea6054ff]: no such element
[E 2026-01-21 11:29:52,508 minium.Conn1808 connection#668 __on_message] [17dd6dc4-56a1-45d5-8d60-40b60acdd085]: no such element
[E 2026-01-21 11:29:53,512 minium.Conn1808 connection#668 __on_message] [ee323bba-7a51-4c63-9a4e-bdcac917286d]: no such element
[E 2026-01-21 11:29:54,517 minium.Conn1808 connection#668 __on_message] [9da56b65-72fa-4d3c-b9af-1091bd33633f]: no such element
[E 2026-01-21 11:29:55,523 minium.Conn1808 connection#668 __on_message] [884d8d43-3a29-4a95-a93d-f66f07806327]: no such element
[E 2026-01-21 11:29:56,530 minium.Conn1808 connection#668 __on_message] [4f26f17d-5679-4a31-92b8-a61d69788ab3]: no such element
[E 2026-01-21 11:29:57,540 minium.Conn1808 connection#668 __on_message] [70bf4805-686c-43ed-b230-37689b59badd]: no such element
[E 2026-01-21 11:29:58,552 minium.Conn1808 connection#668 __on_message] [25c01004-de2e-4709-ae4a-57d1686a6f03]: no such element
[E 2026-01-21 11:29:59,558 minium.Conn1808 connection#668 __on_message] [029c67bd-9fd9-4f04-88ef-9bdd5ad8088d]: no such element
[E 2026-01-21 11:29:59,618 minium test_home_page#155 test_myhome_business_status_change] 个人说明书切换商务状态失败：element[/view[2]/view[5]/view[2]/view[2]] not found
[E 2026-01-21 11:29:59,774 minium minitest#793 _callTestMethod] test exception
Traceback (most recent call last):
  File "C:\Users\Mandy\AppData\Local\Programs\Python\Python313\Lib\site-packages\minium\framework\minitest.py", line 789, in _callTestMethod
    method()
    ~~~~~~^^
  File "D:\FreeTrust\FreeU_WX_Minium\test\test_home_page.py", line 144, in test_myhome_business_status_change
    current_status = self.page.get_element(myhome_select_business_status_element,
                                           max_timeout=max_timeout)
  File "C:\Users\Mandy\AppData\Local\Programs\Python\Python313\Lib\site-packages\minium\miniprogram\base_driver\app.py", line 291, in wrapper
    return func(*args, **kwargs)
  File "C:\Users\Mandy\AppData\Local\Programs\Python\Python313\Lib\site-packages\minium\miniprogram\base_driver\minium_log.py", line 148, in wrapper
    result = func(*args, **kwargs)
  File "C:\Users\Mandy\AppData\Local\Programs\Python\Python313\Lib\site-packages\minium\miniprogram\base_driver\page\page.py", line 363, in get_element
    return self.get_element_by_xpath(
           ~~~~~~~~~~~~~~~~~~~~~~~~~^
        _selector,
        ^^^^^^^^^^
        max_timeout=max_timeout,
        ^^^^^^^^^^^^^^^^^^^^^^^^
        auto_fix=auto_fix
        ^^^^^^^^^^^^^^^^^
    )
    ^
  File "C:\Users\Mandy\AppData\Local\Programs\Python\Python313\Lib\site-packages\minium\miniprogram\base_driver\minium_log.py", line 148, in wrapper
    result = func(*args, **kwargs)
  File "C:\Users\Mandy\AppData\Local\Programs\Python\Python313\Lib\site-packages\minium\miniprogram\base_driver\page\page.py", line 613, in get_element_by_xpath
    raise MiniElementNotFoundError(_selector)
minium.framework.exception.MiniElementNotFoundError: element[/view[2]/view[5]/view[2]/view[2]] not found
[E 2026-01-21 11:29:59,993 minium utils#166 wrapper] catch error: 'gbk' codec can't decode byte 0x83 in position 1201: illegal multibyte sequence
[E 2026-01-21 11:29:59,996 minium assertbase#390 _get_stack_info] <bound method MyHomeTest.test_myhome_business_status_change of <test.test_home_page.MyHomeTest testMethod=test_myhome_business_status_change>>
Traceback (most recent call last):
  File "C:\Users\Mandy\AppData\Local\Programs\Python\Python313\Lib\site-packages\minium\framework\libs\unittest\case.py", line 43, in testPartExecutor
    yield
  File "C:\Users\Mandy\AppData\Local\Programs\Python\Python313\Lib\site-packages\minium\framework\libs\unittest\case.py", line 125, in run
    self._callTestMethod(testMethod)
    ~~~~~~~~~~~~~~~~~~~~^^^^^^^^^^^^
  File "C:\Users\Mandy\AppData\Local\Programs\Python\Python313\Lib\site-packages\minium\framework\minitest.py", line 789, in _callTestMethod
    method()
    ~~~~~~^^
  File "D:\FreeTrust\FreeU_WX_Minium\test\test_home_page.py", line 144, in test_myhome_business_status_change
    current_status = self.page.get_element(myhome_select_business_status_element,
                                           max_timeout=max_timeout)
  File "C:\Users\Mandy\AppData\Local\Programs\Python\Python313\Lib\site-packages\minium\miniprogram\base_driver\app.py", line 291, in wrapper
    return func(*args, **kwargs)
  File "C:\Users\Mandy\AppData\Local\Programs\Python\Python313\Lib\site-packages\minium\miniprogram\base_driver\minium_log.py", line 148, in wrapper
    result = func(*args, **kwargs)
  File "C:\Users\Mandy\AppData\Local\Programs\Python\Python313\Lib\site-packages\minium\miniprogram\base_driver\page\page.py", line 363, in get_element
    return self.get_element_by_xpath(
           ~~~~~~~~~~~~~~~~~~~~~~~~~^
        _selector,
        ^^^^^^^^^^
        max_timeout=max_timeout,
        ^^^^^^^^^^^^^^^^^^^^^^^^
        auto_fix=auto_fix
        ^^^^^^^^^^^^^^^^^
    )
    ^
  File "C:\Users\Mandy\AppData\Local\Programs\Python\Python313\Lib\site-packages\minium\miniprogram\base_driver\minium_log.py", line 148, in wrapper
    result = func(*args, **kwargs)
  File "C:\Users\Mandy\AppData\Local\Programs\Python\Python313\Lib\site-packages\minium\miniprogram\base_driver\page\page.py", line 613, in get_element_by_xpath
    raise MiniElementNotFoundError(_selector)
minium.framework.exception.MiniElementNotFoundError: element[/view[2]/view[5]/view[2]/view[2]] not found
