[I 2026-01-20 11:26:53,811 minium minitest#432 _miniSetUp] =========Current case: test_myhome_business_status_change=========
[I 2026-01-20 11:26:53,811 minium minitest#435 _miniSetUp] package info: D:.FreeTrust.FreeU_WX_Minium.test.test_home_page, case info: MyHomeTest.test_myhome_business_status_change
[I 2026-01-20 11:26:53,812 minium basenative#59 wrapper] call BaseNative.check_connection
[I 2026-01-20 11:26:53,812 minium basenative#63 wrapper] call BaseNative.check_connection end True
[I 2026-01-20 11:26:53,812 minium basenative#59 wrapper] call BaseNative.back_to_miniprogram
[I 2026-01-20 11:26:53,812 minium basenative#794 back_to_miniprogram] try back_to_miniprogram 3
[I 2026-01-20 11:26:53,812 minium basenative#63 wrapper] call BaseNative.back_to_miniprogram end 
[I 2026-01-20 11:26:53,813 minium minitest#897 capture] capture setup.png
[W 2026-01-20 11:26:55,819 minium.App6800 app#682 screen_shot] 截图指令响应失败, 可能因为开发者工具不在前台导致
[W 2026-01-20 11:26:55,820 minium minitest#929 capture] D:\FreeTrust\FreeU_WX_Minium\outputs\20260120111925\test_myhome_business_status_change\20260120112653810654\images\setup.png not exists
[I 2026-01-20 11:26:55,821 minium minitest#487 _miniSetUp] =========case: test_myhome_business_status_change start=========
[I 2026-01-20 11:26:55,823 minium minitest#788 _callTestMethod] call test method
[I 2026-01-20 11:26:55,823 minium minitest#897 capture] capture 跳转至广场页前_112655.png.png
[W 2026-01-20 11:26:57,836 minium.App6800 app#682 screen_shot] 截图指令响应失败, 可能因为开发者工具不在前台导致
[W 2026-01-20 11:26:57,837 minium minitest#929 capture] D:\FreeTrust\FreeU_WX_Minium\outputs\20260120111925\test_myhome_business_status_change\20260120112653810654\images\跳转至广场页前_112655.png.png not exists
[I 2026-01-20 11:26:57,837 minium minitest#897 capture] capture 跳转至广场页后_112657.png.png
[W 2026-01-20 11:26:59,839 minium.App6800 app#682 screen_shot] 截图指令响应失败, 可能因为开发者工具不在前台导致
[W 2026-01-20 11:26:59,839 minium minitest#929 capture] D:\FreeTrust\FreeU_WX_Minium\outputs\20260120111925\test_myhome_business_status_change\20260120112653810654\images\跳转至广场页后_112657.png.png not exists
[I 2026-01-20 11:26:59,840 minium page#716 _get_elements_by_css] try to get elements: button[class='h5-button switch-button']
[I 2026-01-20 11:26:59,846 minium page#749 _get_elements_by_css] find elements success: [<minium.miniprogram.base_driver.element.BaseElement object at 0x000001F7970056D0>]
[I 2026-01-20 11:27:11,949 minium page#716 _get_elements_by_css] try to get elements: button[class='h5-button switch-button']
[I 2026-01-20 11:27:11,954 minium page#749 _get_elements_by_css] find elements success: [<minium.miniprogram.base_driver.element.BaseElement object at 0x000001F797005270>]
[E 2026-01-20 11:27:36,150 minium.Conn6736 connection#668 __on_message] [157d0972-88b3-4f97-ac35-214a1214ebc6]: no such element
[E 2026-01-20 11:27:37,161 minium.Conn6736 connection#668 __on_message] [5d540d8c-195c-446a-ad5a-ad642241c275]: no such element
[E 2026-01-20 11:27:38,174 minium.Conn6736 connection#668 __on_message] [f4eab041-929a-4e19-ae1e-c7e83f17e44c]: no such element
[E 2026-01-20 11:27:39,185 minium.Conn6736 connection#668 __on_message] [5f3b32ef-741f-4e36-b71b-68ebc743bd5d]: no such element
[E 2026-01-20 11:27:40,196 minium.Conn6736 connection#668 __on_message] [90800699-156f-413a-b044-937becb41cc2]: no such element
[E 2026-01-20 11:27:41,205 minium.Conn6736 connection#668 __on_message] [23108c2f-f892-457b-8a27-4fda097c489e]: no such element
[E 2026-01-20 11:27:42,217 minium.Conn6736 connection#668 __on_message] [1ab29d8a-305f-4fdb-93c7-5b54680da014]: no such element
[E 2026-01-20 11:27:43,226 minium.Conn6736 connection#668 __on_message] [56d14d48-7c88-4413-9af3-adcd08a25591]: no such element
[E 2026-01-20 11:27:44,236 minium.Conn6736 connection#668 __on_message] [e4a3e3d4-039b-45c1-9952-6618faf07985]: no such element
[E 2026-01-20 11:27:45,244 minium.Conn6736 connection#668 __on_message] [023a22c2-ba73-494b-ba46-7647fde24270]: no such element
[E 2026-01-20 11:27:45,245 minium test_home_page#154 test_myhome_business_status_change] 个人说明书切换商务状态失败：element[/view[2]/scroll-view/view/view/view[1]/view[1]/view/view/view/text] not found
[I 2026-01-20 11:27:45,245 minium minitest#897 capture] capture 个人说明书切换商务状态_112745.png.png
[W 2026-01-20 11:27:47,250 minium.App6800 app#682 screen_shot] 截图指令响应失败, 可能因为开发者工具不在前台导致
[W 2026-01-20 11:27:47,252 minium minitest#929 capture] D:\FreeTrust\FreeU_WX_Minium\outputs\20260120111925\test_myhome_business_status_change\20260120112653810654\images\个人说明书切换商务状态_112745.png.png not exists
[E 2026-01-20 11:27:47,254 minium minitest#793 _callTestMethod] test exception
Traceback (most recent call last):
  File "C:\Users\Mandy\AppData\Local\Programs\Python\Python313\Lib\site-packages\minium\framework\minitest.py", line 789, in _callTestMethod
    method()
    ~~~~~~^^
  File "D:\FreeTrust\FreeU_WX_Minium\test\test_home_page.py", line 140, in test_myhome_business_status_change
    status_popup = self.page.get_element(myhome_friendship_status_element, max_timeout=max_timeout)
  File "C:\Users\Mandy\AppData\Local\Programs\Python\Python313\Lib\site-packages\minium\miniprogram\base_driver\app.py", line 291, in wrapper
    return func(*args, **kwargs)
  File "C:\Users\Mandy\AppData\Local\Programs\Python\Python313\Lib\site-packages\minium\miniprogram\base_driver\minium_log.py", line 148, in wrapper
    result = func(*args, **kwargs)
  File "C:\Users\Mandy\AppData\Local\Programs\Python\Python313\Lib\site-packages\minium\miniprogram\base_driver\page\page.py", line 363, in get_element
    return self.get_element_by_xpath(
           ~~~~~~~~~~~~~~~~~~~~~~~~~^
        _selector,
        ^^^^^^^^^^
        max_timeout=max_timeout,
        ^^^^^^^^^^^^^^^^^^^^^^^^
        auto_fix=auto_fix
        ^^^^^^^^^^^^^^^^^
    )
    ^
  File "C:\Users\Mandy\AppData\Local\Programs\Python\Python313\Lib\site-packages\minium\miniprogram\base_driver\minium_log.py", line 148, in wrapper
    result = func(*args, **kwargs)
  File "C:\Users\Mandy\AppData\Local\Programs\Python\Python313\Lib\site-packages\minium\miniprogram\base_driver\page\page.py", line 613, in get_element_by_xpath
    raise MiniElementNotFoundError(_selector)
minium.framework.exception.MiniElementNotFoundError: element[/view[2]/scroll-view/view/view/view[1]/view[1]/view/view/view/text] not found
[I 2026-01-20 11:27:47,255 minium minitest#796 _callTestMethod] end test method
[I 2026-01-20 11:27:47,257 minium minitest#897 capture] capture teardown.png
[W 2026-01-20 11:27:49,268 minium.App6800 app#682 screen_shot] 截图指令响应失败, 可能因为开发者工具不在前台导致
[W 2026-01-20 11:27:49,269 minium minitest#929 capture] D:\FreeTrust\FreeU_WX_Minium\outputs\20260120111925\test_myhome_business_status_change\20260120112653810654\images\teardown.png not exists
[I 2026-01-20 11:27:49,269 minium page#716 _get_elements_by_css] try to get elements: page
[I 2026-01-20 11:27:49,275 minium page#749 _get_elements_by_css] find elements success: [<minium.miniprogram.base_driver.element.CustomElement object at 0x000001F796828CD0>]
[I 2026-01-20 11:27:49,316 minium basenative#59 wrapper] call BaseNative.get_start_up
[I 2026-01-20 11:27:49,317 minium basenative#63 wrapper] call BaseNative.get_start_up end 
[E 2026-01-20 11:27:49,318 minium utils#166 wrapper] catch error: 'gbk' codec can't decode byte 0x83 in position 1202: illegal multibyte sequence
[E 2026-01-20 11:27:49,320 minium assertbase#390 _get_stack_info] <bound method MyHomeTest.test_myhome_business_status_change of <test.test_home_page.MyHomeTest testMethod=test_myhome_business_status_change>>
Traceback (most recent call last):
  File "C:\Users\Mandy\AppData\Local\Programs\Python\Python313\Lib\site-packages\minium\framework\libs\unittest\case.py", line 43, in testPartExecutor
    yield
  File "C:\Users\Mandy\AppData\Local\Programs\Python\Python313\Lib\site-packages\minium\framework\libs\unittest\case.py", line 125, in run
    self._callTestMethod(testMethod)
    ~~~~~~~~~~~~~~~~~~~~^^^^^^^^^^^^
  File "C:\Users\Mandy\AppData\Local\Programs\Python\Python313\Lib\site-packages\minium\framework\minitest.py", line 789, in _callTestMethod
    method()
    ~~~~~~^^
  File "D:\FreeTrust\FreeU_WX_Minium\test\test_home_page.py", line 140, in test_myhome_business_status_change
    status_popup = self.page.get_element(myhome_friendship_status_element, max_timeout=max_timeout)
  File "C:\Users\Mandy\AppData\Local\Programs\Python\Python313\Lib\site-packages\minium\miniprogram\base_driver\app.py", line 291, in wrapper
    return func(*args, **kwargs)
  File "C:\Users\Mandy\AppData\Local\Programs\Python\Python313\Lib\site-packages\minium\miniprogram\base_driver\minium_log.py", line 148, in wrapper
    result = func(*args, **kwargs)
  File "C:\Users\Mandy\AppData\Local\Programs\Python\Python313\Lib\site-packages\minium\miniprogram\base_driver\page\page.py", line 363, in get_element
    return self.get_element_by_xpath(
           ~~~~~~~~~~~~~~~~~~~~~~~~~^
        _selector,
        ^^^^^^^^^^
        max_timeout=max_timeout,
        ^^^^^^^^^^^^^^^^^^^^^^^^
        auto_fix=auto_fix
        ^^^^^^^^^^^^^^^^^
    )
    ^
  File "C:\Users\Mandy\AppData\Local\Programs\Python\Python313\Lib\site-packages\minium\miniprogram\base_driver\minium_log.py", line 148, in wrapper
    result = func(*args, **kwargs)
  File "C:\Users\Mandy\AppData\Local\Programs\Python\Python313\Lib\site-packages\minium\miniprogram\base_driver\page\page.py", line 613, in get_element_by_xpath
    raise MiniElementNotFoundError(_selector)
minium.framework.exception.MiniElementNotFoundError: element[/view[2]/scroll-view/view/view/view[1]/view[1]/view/view/view/text] not found
[W 2026-01-20 11:27:49,321 minium assertbase#354 _log_info_when_error] config: {'debug': False, 'base_dir': 'D:\\FreeTrust\\FreeU_WX_Minium', 'platform': 'ide', 'app': 'wx', 'debug_mode': 'ide', 'close_ide': False, 'auto_capture': 'auto', 'check_mp_foreground': True, 'auto_relaunch': False, 'device_desire': {}, 'account_info': {}, 'report_usage': True, 'remote_connect_timeout': 180, 'request_timeout': 60, 'use_push': True, 'full_reset': False, 'outputs': 'D:\\FreeTrust\\FreeU_WX_Minium\\outputs', 'enable_app_log': True, 'enable_network_panel': False, 'project_path': 'D:/FreeTrust/Project/fu-taro-card', 'dev_tool_path': 'C:/Program Files (x86)/Tencent/微信web开发者工具/cli.bat', 'test_port': 9420, 'mock_native_modal': {}, 'mock_request': [], 'auto_authorize': False, 'audits': None, 'teardown_snapshot': False, 'mock_images_dir': '', 'mock_images': {}, 'need_perf': False, 'appid': None, 'enable_h5': True, 'autofix': False, 'launch_path': '/pages/find/index', 'framework_capture': True, 'error_capture': False, 'assert_capture': True, 'create_time': '20260120111925', 'case_output': 'D:\\FreeTrust\\FreeU_WX_Minium\\outputs\\20260120111925\\test_myhome_business_status_change\\20260120112653810654'}
[W 2026-01-20 11:27:49,321 minium assertbase#355 _log_info_when_error] build info: {'version': '1.6.0', 'revision': '33ce5b50b34ec18c51c054a7cc1bdfb3ab0a451b', 'branch': 'master', 'update_at': '2024-10-09 21:08:56'}
[W 2026-01-20 11:27:49,321 minium minitest#1029 _log_info_when_error] mini: 基础库3.8.0, 开发者工具2.01.2510260
[W 2026-01-20 11:27:49,321 minium minitest#1031 _log_info_when_error] native: <minium.native.wx_native.idenative.IdeNative object at 0x000001F7967D46E0>
