[E 2026-01-21 11:30:06,233 minium.Conn1808 connection#668 __on_message] [31cade8d-c248-4987-9022-4ccf3c9633a6]: no such element
[E 2026-01-21 11:30:07,239 minium.Conn1808 connection#668 __on_message] [8384454e-5d55-4620-8977-b8d25119af9b]: no such element
[E 2026-01-21 11:30:08,244 minium.Conn1808 connection#668 __on_message] [bfb60d2f-3fba-438f-aa7d-4ae547a59122]: no such element
[E 2026-01-21 11:30:09,250 minium.Conn1808 connection#668 __on_message] [e07195de-00ed-4472-a31b-74133ade371f]: no such element
[E 2026-01-21 11:30:10,256 minium.Conn1808 connection#668 __on_message] [a019b1f9-a6ff-4d9e-87ce-84448fabda1b]: no such element
[E 2026-01-21 11:30:11,262 minium.Conn1808 connection#668 __on_message] [ad217a48-a81b-4cef-9eab-4fce7ce4a8d2]: no such element
[E 2026-01-21 11:30:12,269 minium.Conn1808 connection#668 __on_message] [d93e3979-6081-406a-baac-e4e8caed321b]: no such element
[E 2026-01-21 11:30:13,274 minium.Conn1808 connection#668 __on_message] [4ed132be-f3b2-48a4-a18b-ba4b1aa67a05]: no such element
[E 2026-01-21 11:30:14,280 minium.Conn1808 connection#668 __on_message] [ff798822-9ded-4b4b-ae28-42c16716b35f]: no such element
[E 2026-01-21 11:30:15,285 minium.Conn1808 connection#668 __on_message] [f1907b62-bc5d-438f-8b47-e31e5fa62568]: no such element
[E 2026-01-21 11:30:15,348 minium test_home_page#102 test_myhome_friendship_status_change] 个人说明书状态 休闲 切换失败：element[/view[2]/view[5]/view[2]/view[1]] not found
[E 2026-01-21 11:30:15,498 minium test_home_page#339 test_myhome_friendship_create_others_character_specification] 文字转名片创建个人说明书失败：element[/view[2]/view[5]/view[2]/view[1]] not found
[E 2026-01-21 11:30:15,653 minium minitest#793 _callTestMethod] test exception
Traceback (most recent call last):
  File "C:\Users\Mandy\AppData\Local\Programs\Python\Python313\Lib\site-packages\minium\framework\minitest.py", line 789, in _callTestMethod
    method()
    ~~~~~~^^
  File "D:\FreeTrust\FreeU_WX_Minium\test\test_home_page.py", line 220, in test_myhome_friendship_create_others_character_specification
    self.test_myhome_friendship_status_change()
    ~~~~~~~~~~~~~~~~~~~~~~~~~~~~~~~~~~~~~~~~~^^
  File "D:\FreeTrust\FreeU_WX_Minium\test\test_home_page.py", line 91, in test_myhome_friendship_status_change
    current_status = self.page.get_element(myhome_select_friendship_status_element,
                                           max_timeout=max_timeout)
  File "C:\Users\Mandy\AppData\Local\Programs\Python\Python313\Lib\site-packages\minium\miniprogram\base_driver\app.py", line 291, in wrapper
    return func(*args, **kwargs)
  File "C:\Users\Mandy\AppData\Local\Programs\Python\Python313\Lib\site-packages\minium\miniprogram\base_driver\minium_log.py", line 148, in wrapper
    result = func(*args, **kwargs)
  File "C:\Users\Mandy\AppData\Local\Programs\Python\Python313\Lib\site-packages\minium\miniprogram\base_driver\page\page.py", line 363, in get_element
    return self.get_element_by_xpath(
           ~~~~~~~~~~~~~~~~~~~~~~~~~^
        _selector,
        ^^^^^^^^^^
        max_timeout=max_timeout,
        ^^^^^^^^^^^^^^^^^^^^^^^^
        auto_fix=auto_fix
        ^^^^^^^^^^^^^^^^^
    )
    ^
  File "C:\Users\Mandy\AppData\Local\Programs\Python\Python313\Lib\site-packages\minium\miniprogram\base_driver\minium_log.py", line 148, in wrapper
    result = func(*args, **kwargs)
  File "C:\Users\Mandy\AppData\Local\Programs\Python\Python313\Lib\site-packages\minium\miniprogram\base_driver\page\page.py", line 613, in get_element_by_xpath
    raise MiniElementNotFoundError(_selector)
minium.framework.exception.MiniElementNotFoundError: element[/view[2]/view[5]/view[2]/view[1]] not found
[E 2026-01-21 11:30:15,884 minium utils#166 wrapper] catch error: 'gbk' codec can't decode byte 0x83 in position 1201: illegal multibyte sequence
[E 2026-01-21 11:30:15,887 minium assertbase#390 _get_stack_info] <bound method MyHomeTest.test_myhome_friendship_create_others_character_specification of <test.test_home_page.MyHomeTest testMethod=test_myhome_friendship_create_others_character_specification>>
Traceback (most recent call last):
  File "C:\Users\Mandy\AppData\Local\Programs\Python\Python313\Lib\site-packages\minium\framework\libs\unittest\case.py", line 43, in testPartExecutor
    yield
  File "C:\Users\Mandy\AppData\Local\Programs\Python\Python313\Lib\site-packages\minium\framework\libs\unittest\case.py", line 125, in run
    self._callTestMethod(testMethod)
    ~~~~~~~~~~~~~~~~~~~~^^^^^^^^^^^^
  File "C:\Users\Mandy\AppData\Local\Programs\Python\Python313\Lib\site-packages\minium\framework\minitest.py", line 789, in _callTestMethod
    method()
    ~~~~~~^^
  File "D:\FreeTrust\FreeU_WX_Minium\test\test_home_page.py", line 220, in test_myhome_friendship_create_others_character_specification
    self.test_myhome_friendship_status_change()
    ~~~~~~~~~~~~~~~~~~~~~~~~~~~~~~~~~~~~~~~~~^^
  File "D:\FreeTrust\FreeU_WX_Minium\test\test_home_page.py", line 91, in test_myhome_friendship_status_change
    current_status = self.page.get_element(myhome_select_friendship_status_element,
                                           max_timeout=max_timeout)
  File "C:\Users\Mandy\AppData\Local\Programs\Python\Python313\Lib\site-packages\minium\miniprogram\base_driver\app.py", line 291, in wrapper
    return func(*args, **kwargs)
  File "C:\Users\Mandy\AppData\Local\Programs\Python\Python313\Lib\site-packages\minium\miniprogram\base_driver\minium_log.py", line 148, in wrapper
    result = func(*args, **kwargs)
  File "C:\Users\Mandy\AppData\Local\Programs\Python\Python313\Lib\site-packages\minium\miniprogram\base_driver\page\page.py", line 363, in get_element
    return self.get_element_by_xpath(
           ~~~~~~~~~~~~~~~~~~~~~~~~~^
        _selector,
        ^^^^^^^^^^
        max_timeout=max_timeout,
        ^^^^^^^^^^^^^^^^^^^^^^^^
        auto_fix=auto_fix
        ^^^^^^^^^^^^^^^^^
    )
    ^
  File "C:\Users\Mandy\AppData\Local\Programs\Python\Python313\Lib\site-packages\minium\miniprogram\base_driver\minium_log.py", line 148, in wrapper
    result = func(*args, **kwargs)
  File "C:\Users\Mandy\AppData\Local\Programs\Python\Python313\Lib\site-packages\minium\miniprogram\base_driver\page\page.py", line 613, in get_element_by_xpath
    raise MiniElementNotFoundError(_selector)
minium.framework.exception.MiniElementNotFoundError: element[/view[2]/view[5]/view[2]/view[1]] not found
