[I 2026-01-20 11:28:18,423 minium minitest#432 _miniSetUp] =========Current case: test_myhome_friendship_create_others_manual=========
[I 2026-01-20 11:28:18,424 minium minitest#435 _miniSetUp] package info: D:.FreeTrust.FreeU_WX_Minium.test.test_home_page, case info: MyHomeTest.test_myhome_friendship_create_others_manual
[I 2026-01-20 11:28:18,424 minium basenative#59 wrapper] call BaseNative.check_connection
[I 2026-01-20 11:28:18,425 minium basenative#63 wrapper] call BaseNative.check_connection end True
[I 2026-01-20 11:28:18,426 minium basenative#59 wrapper] call BaseNative.back_to_miniprogram
[I 2026-01-20 11:28:18,427 minium basenative#794 back_to_miniprogram] try back_to_miniprogram 3
[I 2026-01-20 11:28:18,427 minium basenative#63 wrapper] call BaseNative.back_to_miniprogram end 
[I 2026-01-20 11:28:18,428 minium minitest#897 capture] capture setup.png
[I 2026-01-20 11:28:18,561 minium minitest#487 _miniSetUp] =========case: test_myhome_friendship_create_others_manual start=========
[I 2026-01-20 11:28:18,562 minium minitest#788 _callTestMethod] call test method
[I 2026-01-20 11:28:18,563 minium minitest#897 capture] capture 跳转至广场页前_112818.png.png
[I 2026-01-20 11:28:18,722 minium minitest#897 capture] capture 跳转至广场页后_112818.png.png
[I 2026-01-20 11:28:18,886 minium page#716 _get_elements_by_css] try to get elements: button[class='h5-button switch-button']
[I 2026-01-20 11:28:18,893 minium page#749 _get_elements_by_css] find elements success: [<minium.miniprogram.base_driver.element.BaseElement object at 0x000001F79729D4F0>]
[I 2026-01-20 11:28:18,894 minium page#716 _get_elements_by_css] try to get elements: button[class='h5-button switch-button']
[I 2026-01-20 11:28:18,899 minium page#749 _get_elements_by_css] find elements success: [<minium.miniprogram.base_driver.element.BaseElement object at 0x000001F79729D1D0>]
[I 2026-01-20 11:28:23,959 minium page#716 _get_elements_by_css] try to get elements: text.title-name
[I 2026-01-20 11:28:23,963 minium page#749 _get_elements_by_css] find elements success: [<minium.miniprogram.base_driver.element.BaseElement object at 0x000001F79729D450>]
[I 2026-01-20 11:28:23,963 minium page#716 _get_elements_by_css] try to get elements: text.title-name
[I 2026-01-20 11:28:23,967 minium page#749 _get_elements_by_css] find elements success: [<minium.miniprogram.base_driver.element.BaseElement object at 0x000001F79729D8B0>]
[I 2026-01-20 11:28:23,967 minium page#716 _get_elements_by_css] try to get elements: text.title-name
[I 2026-01-20 11:28:23,971 minium page#749 _get_elements_by_css] find elements success: [<minium.miniprogram.base_driver.element.BaseElement object at 0x000001F79729D450>]
[E 2026-01-20 11:28:24,043 minium.Conn6736 connection#668 __on_message] [ac1ef272-030a-4275-aa8b-4f0b23bce291]: no such element
[E 2026-01-20 11:28:25,049 minium.Conn6736 connection#668 __on_message] [808dde08-ae0f-4ea0-8f3c-a575e139eca5]: no such element
[E 2026-01-20 11:28:26,058 minium.Conn6736 connection#668 __on_message] [4a938382-224d-4444-ac6e-573cb6d13875]: no such element
[E 2026-01-20 11:28:27,066 minium.Conn6736 connection#668 __on_message] [ccc66b47-919b-4621-9d40-b9a1c116d31b]: no such element
[E 2026-01-20 11:28:28,102 minium.Conn6736 connection#668 __on_message] [f92e69c6-fcae-4730-a07d-075c67bf3419]: no such element
[E 2026-01-20 11:28:29,110 minium.Conn6736 connection#668 __on_message] [01c54592-9c25-418f-bde7-e2b6e8be67ec]: no such element
[E 2026-01-20 11:28:30,118 minium.Conn6736 connection#668 __on_message] [a65b38f2-dbce-4edd-870c-9d5de090ea0f]: no such element
[E 2026-01-20 11:28:31,124 minium.Conn6736 connection#668 __on_message] [d0b8b8c3-09e5-4902-8394-654676b35075]: no such element
[E 2026-01-20 11:28:32,132 minium.Conn6736 connection#668 __on_message] [01d41aad-c607-46ad-9a0c-d1d972bcd89a]: no such element
[E 2026-01-20 11:28:33,141 minium.Conn6736 connection#668 __on_message] [42d59455-987f-44d8-adbd-933aae59f1fb]: no such element
[E 2026-01-20 11:28:33,142 minium test_home_page#101 test_myhome_friendship_status_change] 个人说明书状态 休闲 切换失败：element[/view[2]/view[5]/view[2]/view[1]] not found
[I 2026-01-20 11:28:33,142 minium minitest#897 capture] capture 个人说明书切换休闲状态_112833.png.png
[E 2026-01-20 11:28:33,368 minium test_home_page#908 test_myhome_friendship_create_others_manual] 文字转名片创建个人说明书失败：element[/view[2]/view[5]/view[2]/view[1]] not found
[I 2026-01-20 11:28:33,369 minium minitest#897 capture] capture 文字转名片创建个人说明书失败，请手动检查_112833.png.png
[E 2026-01-20 11:28:33,562 minium minitest#793 _callTestMethod] test exception
Traceback (most recent call last):
  File "C:\Users\Mandy\AppData\Local\Programs\Python\Python313\Lib\site-packages\minium\framework\minitest.py", line 789, in _callTestMethod
    method()
    ~~~~~~^^
  File "D:\FreeTrust\FreeU_WX_Minium\test\test_home_page.py", line 354, in test_myhome_friendship_create_others_manual
    self.test_myhome_friendship_status_change()
    ~~~~~~~~~~~~~~~~~~~~~~~~~~~~~~~~~~~~~~~~~^^
  File "D:\FreeTrust\FreeU_WX_Minium\test\test_home_page.py", line 90, in test_myhome_friendship_status_change
    current_status = self.page.get_element(myhome_select_friendship_status_element,
                                           max_timeout=max_timeout)
  File "C:\Users\Mandy\AppData\Local\Programs\Python\Python313\Lib\site-packages\minium\miniprogram\base_driver\app.py", line 291, in wrapper
    return func(*args, **kwargs)
  File "C:\Users\Mandy\AppData\Local\Programs\Python\Python313\Lib\site-packages\minium\miniprogram\base_driver\minium_log.py", line 148, in wrapper
    result = func(*args, **kwargs)
  File "C:\Users\Mandy\AppData\Local\Programs\Python\Python313\Lib\site-packages\minium\miniprogram\base_driver\page\page.py", line 363, in get_element
    return self.get_element_by_xpath(
           ~~~~~~~~~~~~~~~~~~~~~~~~~^
        _selector,
        ^^^^^^^^^^
        max_timeout=max_timeout,
        ^^^^^^^^^^^^^^^^^^^^^^^^
        auto_fix=auto_fix
        ^^^^^^^^^^^^^^^^^
    )
    ^
  File "C:\Users\Mandy\AppData\Local\Programs\Python\Python313\Lib\site-packages\minium\miniprogram\base_driver\minium_log.py", line 148, in wrapper
    result = func(*args, **kwargs)
  File "C:\Users\Mandy\AppData\Local\Programs\Python\Python313\Lib\site-packages\minium\miniprogram\base_driver\page\page.py", line 613, in get_element_by_xpath
    raise MiniElementNotFoundError(_selector)
minium.framework.exception.MiniElementNotFoundError: element[/view[2]/view[5]/view[2]/view[1]] not found
[I 2026-01-20 11:28:33,564 minium minitest#796 _callTestMethod] end test method
[I 2026-01-20 11:28:33,566 minium minitest#897 capture] capture teardown.png
[I 2026-01-20 11:28:33,791 minium page#716 _get_elements_by_css] try to get elements: page
[I 2026-01-20 11:28:33,797 minium page#749 _get_elements_by_css] find elements success: [<minium.miniprogram.base_driver.element.CustomElement object at 0x000001F796777E10>]
[I 2026-01-20 11:28:33,854 minium basenative#59 wrapper] call BaseNative.get_start_up
[I 2026-01-20 11:28:33,855 minium basenative#63 wrapper] call BaseNative.get_start_up end 
[E 2026-01-20 11:28:33,857 minium utils#166 wrapper] catch error: 'gbk' codec can't decode byte 0x83 in position 1202: illegal multibyte sequence
[E 2026-01-20 11:28:33,863 minium assertbase#390 _get_stack_info] <bound method MyHomeTest.test_myhome_friendship_create_others_manual of <test.test_home_page.MyHomeTest testMethod=test_myhome_friendship_create_others_manual>>
Traceback (most recent call last):
  File "C:\Users\Mandy\AppData\Local\Programs\Python\Python313\Lib\site-packages\minium\framework\libs\unittest\case.py", line 43, in testPartExecutor
    yield
  File "C:\Users\Mandy\AppData\Local\Programs\Python\Python313\Lib\site-packages\minium\framework\libs\unittest\case.py", line 125, in run
    self._callTestMethod(testMethod)
    ~~~~~~~~~~~~~~~~~~~~^^^^^^^^^^^^
  File "C:\Users\Mandy\AppData\Local\Programs\Python\Python313\Lib\site-packages\minium\framework\minitest.py", line 789, in _callTestMethod
    method()
    ~~~~~~^^
  File "D:\FreeTrust\FreeU_WX_Minium\test\test_home_page.py", line 354, in test_myhome_friendship_create_others_manual
    self.test_myhome_friendship_status_change()
    ~~~~~~~~~~~~~~~~~~~~~~~~~~~~~~~~~~~~~~~~~^^
  File "D:\FreeTrust\FreeU_WX_Minium\test\test_home_page.py", line 90, in test_myhome_friendship_status_change
    current_status = self.page.get_element(myhome_select_friendship_status_element,
                                           max_timeout=max_timeout)
  File "C:\Users\Mandy\AppData\Local\Programs\Python\Python313\Lib\site-packages\minium\miniprogram\base_driver\app.py", line 291, in wrapper
    return func(*args, **kwargs)
  File "C:\Users\Mandy\AppData\Local\Programs\Python\Python313\Lib\site-packages\minium\miniprogram\base_driver\minium_log.py", line 148, in wrapper
    result = func(*args, **kwargs)
  File "C:\Users\Mandy\AppData\Local\Programs\Python\Python313\Lib\site-packages\minium\miniprogram\base_driver\page\page.py", line 363, in get_element
    return self.get_element_by_xpath(
           ~~~~~~~~~~~~~~~~~~~~~~~~~^
        _selector,
        ^^^^^^^^^^
        max_timeout=max_timeout,
        ^^^^^^^^^^^^^^^^^^^^^^^^
        auto_fix=auto_fix
        ^^^^^^^^^^^^^^^^^
    )
    ^
  File "C:\Users\Mandy\AppData\Local\Programs\Python\Python313\Lib\site-packages\minium\miniprogram\base_driver\minium_log.py", line 148, in wrapper
    result = func(*args, **kwargs)
  File "C:\Users\Mandy\AppData\Local\Programs\Python\Python313\Lib\site-packages\minium\miniprogram\base_driver\page\page.py", line 613, in get_element_by_xpath
    raise MiniElementNotFoundError(_selector)
minium.framework.exception.MiniElementNotFoundError: element[/view[2]/view[5]/view[2]/view[1]] not found
[W 2026-01-20 11:28:33,865 minium assertbase#354 _log_info_when_error] config: {'debug': False, 'base_dir': 'D:\\FreeTrust\\FreeU_WX_Minium', 'platform': 'ide', 'app': 'wx', 'debug_mode': 'ide', 'close_ide': False, 'auto_capture': 'auto', 'check_mp_foreground': True, 'auto_relaunch': False, 'device_desire': {}, 'account_info': {}, 'report_usage': True, 'remote_connect_timeout': 180, 'request_timeout': 60, 'use_push': True, 'full_reset': False, 'outputs': 'D:\\FreeTrust\\FreeU_WX_Minium\\outputs', 'enable_app_log': True, 'enable_network_panel': False, 'project_path': 'D:/FreeTrust/Project/fu-taro-card', 'dev_tool_path': 'C:/Program Files (x86)/Tencent/微信web开发者工具/cli.bat', 'test_port': 9420, 'mock_native_modal': {}, 'mock_request': [], 'auto_authorize': False, 'audits': None, 'teardown_snapshot': False, 'mock_images_dir': '', 'mock_images': {}, 'need_perf': False, 'appid': None, 'enable_h5': True, 'autofix': False, 'launch_path': '/pages/find/index', 'framework_capture': True, 'error_capture': False, 'assert_capture': True, 'create_time': '20260120111925', 'case_output': 'D:\\FreeTrust\\FreeU_WX_Minium\\outputs\\20260120111925\\test_myhome_friendship_create_others_manual\\20260120112818422243'}
[W 2026-01-20 11:28:33,865 minium assertbase#355 _log_info_when_error] build info: {'version': '1.6.0', 'revision': '33ce5b50b34ec18c51c054a7cc1bdfb3ab0a451b', 'branch': 'master', 'update_at': '2024-10-09 21:08:56'}
[W 2026-01-20 11:28:33,866 minium minitest#1029 _log_info_when_error] mini: 基础库3.8.0, 开发者工具2.01.2510260
[W 2026-01-20 11:28:33,866 minium minitest#1031 _log_info_when_error] native: <minium.native.wx_native.idenative.IdeNative object at 0x000001F7967D46E0>
