{
    "test_num": 22,
    "errors": [],
    "failures": [
        {
            "module": "HomeTest",
            "error_type": "test_case",
            "case_name": "test_home_status_change",
            "exception": "Traceback (most recent call last):\n  File \"C:\\Users\\Mandy\\AppData\\Local\\Programs\\Python\\Python313\\Lib\\site-packages\\minium\\framework\\libs\\unittest\\case.py\", line 43, in testPartExecutor\n    yield\n  File \"C:\\Users\\Mandy\\AppData\\Local\\Programs\\Python\\Python313\\Lib\\site-packages\\minium\\framework\\libs\\unittest\\case.py\", line 125, in run\n    self._callTestMethod(testMethod)\n    ~~~~~~~~~~~~~~~~~~~~^^^^^^^^^^^^\n  File \"C:\\Users\\Mandy\\AppData\\Local\\Programs\\Python\\Python313\\Lib\\site-packages\\minium\\framework\\minitest.py\", line 789, in _callTestMethod\n    method()\n    ~~~~~~^^\n  File \"D:\\FreeTrust\\FreeU_WX_Minium\\test\\test_home_page.py\", line 211, in test_home_status_change\n    assert current_status.text == home_tab_title_friendship_name,f\"\u5e7f\u573a\u72b6\u6001\u5207\u6362\u5931\u8d25\"\n           ^^^^^^^^^^^^^^^^^^^^^^^^^^^^^^^^^^^^^^^^^^^^^^^^^^^^^\nAssertionError: \u5e7f\u573a\u72b6\u6001\u5207\u6362\u5931\u8d25\n"
        },
        {
            "module": "MyTest",
            "error_type": "test_case",
            "case_name": "test_my_mood_card",
            "exception": "Traceback (most recent call last):\n  File \"C:\\Users\\Mandy\\AppData\\Local\\Programs\\Python\\Python313\\Lib\\site-packages\\minium\\framework\\libs\\unittest\\case.py\", line 43, in testPartExecutor\n    yield\n  File \"C:\\Users\\Mandy\\AppData\\Local\\Programs\\Python\\Python313\\Lib\\site-packages\\minium\\framework\\libs\\unittest\\case.py\", line 125, in run\n    self._callTestMethod(testMethod)\n    ~~~~~~~~~~~~~~~~~~~~^^^^^^^^^^^^\n  File \"C:\\Users\\Mandy\\AppData\\Local\\Programs\\Python\\Python313\\Lib\\site-packages\\minium\\framework\\minitest.py\", line 789, in _callTestMethod\n    method()\n    ~~~~~~^^\n  File \"D:\\FreeTrust\\FreeU_WX_Minium\\test\\test_my_page.py\", line 45, in test_my_mood_card\n    assert len(mood_swiper_list) == 3,f\"\u5fc3\u60c5\u540d\u7247\u6570\u91cf !=3\uff0c\u8bf7\u624b\u52a8\u68c0\u67e5\"\n           ^^^^^^^^^^^^^^^^^^^^^^^^^^\nAssertionError: \u5fc3\u60c5\u540d\u7247\u6570\u91cf !=3\uff0c\u8bf7\u624b\u52a8\u68c0\u67e5\n"
        },
        {
            "module": "HomeTest",
            "error_type": "test_case",
            "case_name": "test_home_status_change",
            "exception": "Traceback (most recent call last):\n  File \"C:\\Users\\Mandy\\AppData\\Local\\Programs\\Python\\Python313\\Lib\\site-packages\\minium\\framework\\libs\\unittest\\case.py\", line 43, in testPartExecutor\n    yield\n  File \"C:\\Users\\Mandy\\AppData\\Local\\Programs\\Python\\Python313\\Lib\\site-packages\\minium\\framework\\libs\\unittest\\case.py\", line 125, in run\n    self._callTestMethod(testMethod)\n    ~~~~~~~~~~~~~~~~~~~~^^^^^^^^^^^^\n  File \"C:\\Users\\Mandy\\AppData\\Local\\Programs\\Python\\Python313\\Lib\\site-packages\\minium\\framework\\minitest.py\", line 789, in _callTestMethod\n    method()\n    ~~~~~~^^\n  File \"D:\\FreeTrust\\FreeU_WX_Minium\\test\\test_home_page.py\", line 211, in test_home_status_change\n    assert current_status.text == home_tab_title_friendship_name,f\"\u5e7f\u573a\u72b6\u6001\u5207\u6362\u5931\u8d25\"\n           ^^^^^^^^^^^^^^^^^^^^^^^^^^^^^^^^^^^^^^^^^^^^^^^^^^^^^\nAssertionError: \u5e7f\u573a\u72b6\u6001\u5207\u6362\u5931\u8d25\n"
        },
        {
            "module": "MyTest",
            "error_type": "test_case",
            "case_name": "test_my_mood_card",
            "exception": "Traceback (most recent call last):\n  File \"C:\\Users\\Mandy\\AppData\\Local\\Programs\\Python\\Python313\\Lib\\site-packages\\minium\\framework\\libs\\unittest\\case.py\", line 43, in testPartExecutor\n    yield\n  File \"C:\\Users\\Mandy\\AppData\\Local\\Programs\\Python\\Python313\\Lib\\site-packages\\minium\\framework\\libs\\unittest\\case.py\", line 125, in run\n    self._callTestMethod(testMethod)\n    ~~~~~~~~~~~~~~~~~~~~^^^^^^^^^^^^\n  File \"C:\\Users\\Mandy\\AppData\\Local\\Programs\\Python\\Python313\\Lib\\site-packages\\minium\\framework\\minitest.py\", line 789, in _callTestMethod\n    method()\n    ~~~~~~^^\n  File \"D:\\FreeTrust\\FreeU_WX_Minium\\test\\test_my_page.py\", line 45, in test_my_mood_card\n    assert len(mood_swiper_list) == 3,f\"\u5fc3\u60c5\u540d\u7247\u6570\u91cf !=3\uff0c\u8bf7\u624b\u52a8\u68c0\u67e5\"\n           ^^^^^^^^^^^^^^^^^^^^^^^^^^\nAssertionError: \u5fc3\u60c5\u540d\u7247\u6570\u91cf !=3\uff0c\u8bf7\u624b\u52a8\u68c0\u67e5\n"
        }
    ],
    "class_errors": [],
    "class_failures": []
}