[I 2026-01-19 20:44:48,154 minium minitest#432 _miniSetUp] =========Current case: test_demo=========
[I 2026-01-19 20:44:48,154 minium minitest#435 _miniSetUp] package info: D:.FreeTrust.FreeU_WX_Minium.test.test_demo, case info: DemoTest.test_demo
[I 2026-01-19 20:44:48,154 minium basenative#59 wrapper] call BaseNative.check_connection
[I 2026-01-19 20:44:48,154 minium basenative#63 wrapper] call BaseNative.check_connection end True
[I 2026-01-19 20:44:48,154 minium basenative#59 wrapper] call BaseNative.back_to_miniprogram
[I 2026-01-19 20:44:48,155 minium basenative#794 back_to_miniprogram] try back_to_miniprogram 3
[I 2026-01-19 20:44:48,155 minium basenative#63 wrapper] call BaseNative.back_to_miniprogram end 
[I 2026-01-19 20:44:48,155 minium minitest#897 capture] capture setup.png
[I 2026-01-19 20:44:48,253 minium minitest#487 _miniSetUp] =========case: test_demo start=========
[I 2026-01-19 20:44:48,253 minium minitest#788 _callTestMethod] call test method
[I 2026-01-19 20:44:48,253 minium minitest#897 capture] capture 跳转至广场页前_204448.png.png
[I 2026-01-19 20:44:48,357 minium home_tab_page#48 goto_home_page] 第1次尝试跳转到广场页...
[I 2026-01-19 20:44:48,357 minium.App8272 app#950 relaunch] ReLaunch: /pages/home/index
[I 2026-01-19 20:44:51,279 minium.App8272 app#1226 _on_route_changed] Route changed, {'name': 'onAppRouteDone', 'args': [{'path': 'pages/home/index', 'query': {}, 'openType': 'reLaunch', 'timeStamp': 1768826691178, 'webviewId': 61, 'routeEventId': '', 'renderer': 'webview'}, 1768826691183]}
[I 2026-01-19 20:44:51,374 minium.Conn3568 connection#704 _handle_async_msg] received async msg: 54216a94-4600-42fb-a76d-3de43d381668
[I 2026-01-19 20:44:51,375 minium home_tab_page#56 goto_home_page] 进入广场页成功！
[I 2026-01-19 20:44:51,375 minium page#716 _get_elements_by_css] try to get elements: view[class='h5-view user-avatar']
[I 2026-01-19 20:44:51,492 minium page#749 _get_elements_by_css] find elements success: [<minium.miniprogram.base_driver.element.BaseElement object at 0x0000020608B8B230>]
[I 2026-01-19 20:44:51,493 minium home_tab_page#76 goto_home_page] 进入广场页成功
[I 2026-01-19 20:44:51,493 minium page#716 _get_elements_by_css] try to get elements: view[class='h5-view user-avatar']
[I 2026-01-19 20:44:51,627 minium page#749 _get_elements_by_css] find elements success: [<minium.miniprogram.base_driver.element.BaseElement object at 0x0000020608B9A0D0>]
[I 2026-01-19 20:44:51,628 minium minitest#897 capture] capture 跳转至广场页后_204451.png.png
[I 2026-01-19 20:44:52,416 minium page#716 _get_elements_by_css] try to get elements: view[class='h5-view user-avatar']
[I 2026-01-19 20:44:52,419 minium page#749 _get_elements_by_css] find elements success: [<minium.miniprogram.base_driver.element.BaseElement object at 0x0000020608B9A0D0>]
[I 2026-01-19 20:44:53,531 minium page#716 _get_elements_by_css] try to get elements: button[class='h5-button function-box__item--text']
[I 2026-01-19 20:44:53,537 minium page#749 _get_elements_by_css] find elements success: [<minium.miniprogram.base_driver.element.BaseElement object at 0x0000020608B5EEA0>, <minium.miniprogram.base_driver.element.BaseElement object at 0x0000020608B5ED70>, <minium.miniprogram.base_driver.element.BaseElement object at 0x0000020608767530>, <minium.miniprogram.base_driver.element.BaseElement object at 0x0000020608C00AF0>, <minium.miniprogram.base_driver.element.BaseElement object at 0x0000020608C00D10>, <minium.miniprogram.base_driver.element.BaseElement object at 0x0000020608BE8F50>, <minium.miniprogram.base_driver.element.BaseElement object at 0x0000020608BE9050>, <minium.miniprogram.base_driver.element.BaseElement object at 0x00000206082A4AA0>, <minium.miniprogram.base_driver.element.BaseElement object at 0x0000020608BAD4F0>, <minium.miniprogram.base_driver.element.BaseElement object at 0x0000020608B93A10>, <minium.miniprogram.base_driver.element.BaseElement object at 0x0000020608B93690>, <minium.miniprogram.base_driver.element.BaseElement object at 0x0000020608BF87A0>, <minium.miniprogram.base_driver.element.BaseElement object at 0x0000020609172390>, <minium.miniprogram.base_driver.element.BaseElement object at 0x0000020609172450>, <minium.miniprogram.base_driver.element.BaseElement object at 0x0000020608B56150>, <minium.miniprogram.base_driver.element.BaseElement object at 0x0000020609123E30>, <minium.miniprogram.base_driver.element.BaseElement object at 0x0000020608BF3B10>, <minium.miniprogram.base_driver.element.BaseElement object at 0x0000020608BF3110>]
[I 2026-01-19 20:44:54,577 minium.App8272 app#1226 _on_route_changed] Route changed, {'name': 'onAppRouteDone', 'args': [{'path': 'pages6/schedules/index', 'query': {}, 'openType': 'navigateTo', 'timeStamp': 1768826694564, 'webviewId': 62, 'routeEventId': '62_1768826693981', 'renderer': 'webview'}, 1768826694566]}
[I 2026-01-19 20:44:54,702 minium minitest#897 capture] capture 日程管理后_204454.png.png
[I 2026-01-19 20:44:55,778 minium page#716 _get_elements_by_css] try to get elements: image
[I 2026-01-19 20:44:55,789 minium page#749 _get_elements_by_css] find elements success: [<minium.miniprogram.base_driver.element.BaseElement object at 0x0000020608BF2FD0>, <minium.miniprogram.base_driver.element.BaseElement object at 0x0000020608BF3BB0>, <minium.miniprogram.base_driver.element.BaseElement object at 0x0000020608BF34D0>, <minium.miniprogram.base_driver.element.BaseElement object at 0x0000020608BF3570>, <minium.miniprogram.base_driver.element.BaseElement object at 0x0000020608BF32F0>]
[I 2026-01-19 20:44:56,830 minium page#716 _get_elements_by_css] try to get elements: image
[I 2026-01-19 20:44:56,834 minium page#749 _get_elements_by_css] find elements success: [<minium.miniprogram.base_driver.element.BaseElement object at 0x0000020608BF3570>, <minium.miniprogram.base_driver.element.BaseElement object at 0x0000020608BF3070>, <minium.miniprogram.base_driver.element.BaseElement object at 0x0000020608BF2850>, <minium.miniprogram.base_driver.element.BaseElement object at 0x0000020608BF3390>, <minium.miniprogram.base_driver.element.BaseElement object at 0x0000020608BF37F0>]
[I 2026-01-19 20:44:57,873 minium page#716 _get_elements_by_css] try to get elements: image
[I 2026-01-19 20:44:57,914 minium page#749 _get_elements_by_css] find elements success: [<minium.miniprogram.base_driver.element.BaseElement object at 0x0000020608BF3390>, <minium.miniprogram.base_driver.element.BaseElement object at 0x0000020608BF3A70>, <minium.miniprogram.base_driver.element.BaseElement object at 0x0000020608BF32F0>, <minium.miniprogram.base_driver.element.BaseElement object at 0x0000020608BF3430>, <minium.miniprogram.base_driver.element.BaseElement object at 0x0000020608BF2FD0>]
[I 2026-01-19 20:44:59,032 minium page#716 _get_elements_by_css] try to get elements: image
[I 2026-01-19 20:44:59,075 minium page#749 _get_elements_by_css] find elements success: [<minium.miniprogram.base_driver.element.BaseElement object at 0x0000020608BF3430>, <minium.miniprogram.base_driver.element.BaseElement object at 0x0000020608BF1D10>, <minium.miniprogram.base_driver.element.BaseElement object at 0x0000020608BF37F0>, <minium.miniprogram.base_driver.element.BaseElement object at 0x0000020608BF34D0>, <minium.miniprogram.base_driver.element.BaseElement object at 0x0000020608BF3570>]
[I 2026-01-19 20:45:00,191 minium page#716 _get_elements_by_css] try to get elements: image
[I 2026-01-19 20:45:00,212 minium page#749 _get_elements_by_css] find elements success: [<minium.miniprogram.base_driver.element.BaseElement object at 0x0000020608BF34D0>, <minium.miniprogram.base_driver.element.BaseElement object at 0x0000020608BF3C50>, <minium.miniprogram.base_driver.element.BaseElement object at 0x0000020608BF2FD0>, <minium.miniprogram.base_driver.element.BaseElement object at 0x0000020608BF2850>, <minium.miniprogram.base_driver.element.BaseElement object at 0x0000020608BF3390>]
[I 2026-01-19 20:45:01,257 minium page#716 _get_elements_by_css] try to get elements: image
[I 2026-01-19 20:45:01,260 minium page#749 _get_elements_by_css] find elements success: [<minium.miniprogram.base_driver.element.BaseElement object at 0x0000020608BF2850>, <minium.miniprogram.base_driver.element.BaseElement object at 0x0000020608BF32F0>, <minium.miniprogram.base_driver.element.BaseElement object at 0x0000020608BF3430>, <minium.miniprogram.base_driver.element.BaseElement object at 0x0000020608BF1D10>, <minium.miniprogram.base_driver.element.BaseElement object at 0x0000020608BF3E30>]
[I 2026-01-19 20:45:02,273 minium page#716 _get_elements_by_css] try to get elements: image
[I 2026-01-19 20:45:02,277 minium page#749 _get_elements_by_css] find elements success: [<minium.miniprogram.base_driver.element.BaseElement object at 0x0000020608BF3430>, <minium.miniprogram.base_driver.element.BaseElement object at 0x0000020608BF3A70>, <minium.miniprogram.base_driver.element.BaseElement object at 0x0000020608BF1D10>, <minium.miniprogram.base_driver.element.BaseElement object at 0x0000020608BF3C50>, <minium.miniprogram.base_driver.element.BaseElement object at 0x0000020608BF2FD0>]
[I 2026-01-19 20:45:03,287 minium page#716 _get_elements_by_css] try to get elements: image
[I 2026-01-19 20:45:03,290 minium page#749 _get_elements_by_css] find elements success: [<minium.miniprogram.base_driver.element.BaseElement object at 0x0000020608BF3C50>, <minium.miniprogram.base_driver.element.BaseElement object at 0x0000020608BF32F0>, <minium.miniprogram.base_driver.element.BaseElement object at 0x0000020608BF3E30>, <minium.miniprogram.base_driver.element.BaseElement object at 0x0000020608BF1D10>, <minium.miniprogram.base_driver.element.BaseElement object at 0x0000020608BF3570>]
[I 2026-01-19 20:45:04,301 minium page#716 _get_elements_by_css] try to get elements: image
[I 2026-01-19 20:45:04,306 minium page#749 _get_elements_by_css] find elements success: [<minium.miniprogram.base_driver.element.BaseElement object at 0x0000020608BF1D10>, <minium.miniprogram.base_driver.element.BaseElement object at 0x0000020608BF3430>, <minium.miniprogram.base_driver.element.BaseElement object at 0x0000020608BF2FD0>, <minium.miniprogram.base_driver.element.BaseElement object at 0x0000020608BF3E30>, <minium.miniprogram.base_driver.element.BaseElement object at 0x00000206091EC190>]
[I 2026-01-19 20:45:05,318 minium page#716 _get_elements_by_css] try to get elements: image
[I 2026-01-19 20:45:05,323 minium page#749 _get_elements_by_css] find elements success: [<minium.miniprogram.base_driver.element.BaseElement object at 0x0000020608BF3570>, <minium.miniprogram.base_driver.element.BaseElement object at 0x0000020608BF32F0>, <minium.miniprogram.base_driver.element.BaseElement object at 0x0000020608BF3E30>, <minium.miniprogram.base_driver.element.BaseElement object at 0x00000206091EC190>, <minium.miniprogram.base_driver.element.BaseElement object at 0x00000206091EC050>]
[E 2026-01-19 20:45:05,333 minium test_demo#44 test_demo] 日程管理失败：element[image] not found
[I 2026-01-19 20:45:05,333 minium minitest#897 capture] capture 日程管理失败_204505.png.png
[E 2026-01-19 20:45:06,409 minium minitest#793 _callTestMethod] test exception
Traceback (most recent call last):
  File "C:\Users\Mandy\AppData\Local\Programs\Python\Python313\Lib\site-packages\minium\framework\minitest.py", line 789, in _callTestMethod
    method()
    ~~~~~~^^
  File "D:\FreeTrust\FreeU_WX_Minium\test\test_demo.py", line 39, in test_demo
    create_btn = self.page.get_element(selector=home_user_schedule_create_btn_tag,inner_text=home_user_schedule_create_btn_element, max_timeout=max_timeout)
  File "C:\Users\Mandy\AppData\Local\Programs\Python\Python313\Lib\site-packages\minium\miniprogram\base_driver\app.py", line 291, in wrapper
    return func(*args, **kwargs)
  File "C:\Users\Mandy\AppData\Local\Programs\Python\Python313\Lib\site-packages\minium\miniprogram\base_driver\minium_log.py", line 148, in wrapper
    result = func(*args, **kwargs)
  File "C:\Users\Mandy\AppData\Local\Programs\Python\Python313\Lib\site-packages\minium\miniprogram\base_driver\page\page.py", line 375, in get_element
    raise MiniElementNotFoundError(_selector)
minium.framework.exception.MiniElementNotFoundError: element[image] not found
[I 2026-01-19 20:45:06,412 minium minitest#796 _callTestMethod] end test method
[I 2026-01-19 20:45:06,412 minium minitest#897 capture] capture teardown.png
[I 2026-01-19 20:45:06,492 minium page#716 _get_elements_by_css] try to get elements: page
[I 2026-01-19 20:45:06,495 minium page#749 _get_elements_by_css] find elements success: [<minium.miniprogram.base_driver.element.CustomElement object at 0x0000020608B8B230>]
[I 2026-01-19 20:45:06,514 minium basenative#59 wrapper] call BaseNative.get_start_up
[I 2026-01-19 20:45:06,514 minium basenative#63 wrapper] call BaseNative.get_start_up end 
[E 2026-01-19 20:45:06,536 minium utils#166 wrapper] catch error: 'gbk' codec can't decode byte 0xa1 in position 18695: illegal multibyte sequence
[E 2026-01-19 20:45:06,538 minium assertbase#390 _get_stack_info] <bound method DemoTest.test_demo of <test.test_demo.DemoTest testMethod=test_demo>>
Traceback (most recent call last):
  File "C:\Users\Mandy\AppData\Local\Programs\Python\Python313\Lib\site-packages\minium\framework\libs\unittest\case.py", line 43, in testPartExecutor
    yield
  File "C:\Users\Mandy\AppData\Local\Programs\Python\Python313\Lib\site-packages\minium\framework\libs\unittest\case.py", line 125, in run
    self._callTestMethod(testMethod)
    ~~~~~~~~~~~~~~~~~~~~^^^^^^^^^^^^
  File "C:\Users\Mandy\AppData\Local\Programs\Python\Python313\Lib\site-packages\minium\framework\minitest.py", line 789, in _callTestMethod
    method()
    ~~~~~~^^
  File "D:\FreeTrust\FreeU_WX_Minium\test\test_demo.py", line 39, in test_demo
    create_btn = self.page.get_element(selector=home_user_schedule_create_btn_tag,inner_text=home_user_schedule_create_btn_element, max_timeout=max_timeout)
  File "C:\Users\Mandy\AppData\Local\Programs\Python\Python313\Lib\site-packages\minium\miniprogram\base_driver\app.py", line 291, in wrapper
    return func(*args, **kwargs)
  File "C:\Users\Mandy\AppData\Local\Programs\Python\Python313\Lib\site-packages\minium\miniprogram\base_driver\minium_log.py", line 148, in wrapper
    result = func(*args, **kwargs)
  File "C:\Users\Mandy\AppData\Local\Programs\Python\Python313\Lib\site-packages\minium\miniprogram\base_driver\page\page.py", line 375, in get_element
    raise MiniElementNotFoundError(_selector)
minium.framework.exception.MiniElementNotFoundError: element[image] not found
[W 2026-01-19 20:45:06,539 minium assertbase#354 _log_info_when_error] config: {'debug': False, 'base_dir': 'D:\\FreeTrust\\FreeU_WX_Minium', 'platform': 'ide', 'app': 'wx', 'debug_mode': 'ide', 'close_ide': False, 'auto_capture': 'auto', 'check_mp_foreground': True, 'auto_relaunch': False, 'device_desire': {}, 'account_info': {}, 'report_usage': True, 'remote_connect_timeout': 180, 'request_timeout': 60, 'use_push': True, 'full_reset': False, 'outputs': 'D:\\FreeTrust\\FreeU_WX_Minium\\outputs', 'enable_app_log': True, 'enable_network_panel': False, 'project_path': 'D:/FreeTrust/Project/fu-taro-card', 'dev_tool_path': 'C:/Program Files (x86)/Tencent/微信web开发者工具/cli.bat', 'test_port': 9420, 'mock_native_modal': {}, 'mock_request': [], 'auto_authorize': False, 'audits': None, 'teardown_snapshot': False, 'mock_images_dir': '', 'mock_images': {}, 'need_perf': False, 'appid': None, 'enable_h5': True, 'autofix': False, 'launch_path': '/pages/find/index', 'framework_capture': True, 'error_capture': False, 'assert_capture': True, 'create_time': '20260119204446', 'case_output': 'D:\\FreeTrust\\FreeU_WX_Minium\\outputs\\20260119204446\\test_demo\\20260119204448153722'}
[W 2026-01-19 20:45:06,540 minium assertbase#355 _log_info_when_error] build info: {'version': '1.6.0', 'revision': '33ce5b50b34ec18c51c054a7cc1bdfb3ab0a451b', 'branch': 'master', 'update_at': '2024-10-09 21:08:56'}
[W 2026-01-19 20:45:06,540 minium minitest#1029 _log_info_when_error] mini: 基础库3.8.0, 开发者工具1.06.2504030
[W 2026-01-19 20:45:06,540 minium minitest#1031 _log_info_when_error] native: <minium.native.wx_native.idenative.IdeNative object at 0x0000020608B89160>
