[I 2026-01-20 11:28:33,870 minium minitest#432 _miniSetUp] =========Current case: test_myhome_friendship_status_change=========
[I 2026-01-20 11:28:33,870 minium minitest#435 _miniSetUp] package info: D:.FreeTrust.FreeU_WX_Minium.test.test_home_page, case info: MyHomeTest.test_myhome_friendship_status_change
[I 2026-01-20 11:28:33,870 minium basenative#59 wrapper] call BaseNative.check_connection
[I 2026-01-20 11:28:33,871 minium basenative#63 wrapper] call BaseNative.check_connection end True
[I 2026-01-20 11:28:33,871 minium basenative#59 wrapper] call BaseNative.back_to_miniprogram
[I 2026-01-20 11:28:33,872 minium basenative#794 back_to_miniprogram] try back_to_miniprogram 3
[I 2026-01-20 11:28:33,872 minium basenative#63 wrapper] call BaseNative.back_to_miniprogram end 
[I 2026-01-20 11:28:33,873 minium minitest#897 capture] capture setup.png
[I 2026-01-20 11:28:34,066 minium minitest#487 _miniSetUp] =========case: test_myhome_friendship_status_change start=========
[I 2026-01-20 11:28:34,066 minium minitest#788 _callTestMethod] call test method
[I 2026-01-20 11:28:34,067 minium minitest#897 capture] capture 跳转至广场页前_112834.png.png
[I 2026-01-20 11:28:34,267 minium minitest#897 capture] capture 跳转至广场页后_112834.png.png
[I 2026-01-20 11:28:34,466 minium page#716 _get_elements_by_css] try to get elements: button[class='h5-button switch-button']
[I 2026-01-20 11:28:34,474 minium page#749 _get_elements_by_css] find elements success: [<minium.miniprogram.base_driver.element.BaseElement object at 0x000001F79736DA90>]
[I 2026-01-20 11:28:34,475 minium page#716 _get_elements_by_css] try to get elements: button[class='h5-button switch-button']
[I 2026-01-20 11:28:34,491 minium page#749 _get_elements_by_css] find elements success: [<minium.miniprogram.base_driver.element.BaseElement object at 0x000001F79736D6D0>]
[I 2026-01-20 11:28:39,551 minium page#716 _get_elements_by_css] try to get elements: text.title-name
[I 2026-01-20 11:28:39,556 minium page#749 _get_elements_by_css] find elements success: [<minium.miniprogram.base_driver.element.BaseElement object at 0x000001F79736D9F0>]
[I 2026-01-20 11:28:39,557 minium page#716 _get_elements_by_css] try to get elements: text.title-name
[I 2026-01-20 11:28:39,561 minium page#749 _get_elements_by_css] find elements success: [<minium.miniprogram.base_driver.element.BaseElement object at 0x000001F79736DE50>]
[I 2026-01-20 11:28:39,562 minium page#716 _get_elements_by_css] try to get elements: text.title-name
[I 2026-01-20 11:28:39,566 minium page#749 _get_elements_by_css] find elements success: [<minium.miniprogram.base_driver.element.BaseElement object at 0x000001F79736DA90>]
[E 2026-01-20 11:28:39,639 minium.Conn6736 connection#668 __on_message] [6cc47557-761e-4390-b590-fea9601afd6b]: no such element
[E 2026-01-20 11:28:40,644 minium.Conn6736 connection#668 __on_message] [86edc67d-4d16-4ca2-98f4-9add7a0882ba]: no such element
[E 2026-01-20 11:28:41,654 minium.Conn6736 connection#668 __on_message] [e5929f29-31d4-4a19-9be7-96f6d0aac34c]: no such element
[E 2026-01-20 11:28:42,661 minium.Conn6736 connection#668 __on_message] [bce3ee84-d5d1-4d09-bfce-8ffb8eac3241]: no such element
[E 2026-01-20 11:28:43,668 minium.Conn6736 connection#668 __on_message] [b65146bf-30be-4506-8477-bb12f84cbd3b]: no such element
[E 2026-01-20 11:28:44,673 minium.Conn6736 connection#668 __on_message] [f3ec6ce3-887c-4bda-b427-30854f8ea41f]: no such element
[E 2026-01-20 11:28:45,678 minium.Conn6736 connection#668 __on_message] [a1e0cd08-2842-41e0-844c-dd984825d875]: no such element
[E 2026-01-20 11:28:46,746 minium.Conn6736 connection#668 __on_message] [c7b16a0e-9e13-4f29-a320-49ed29a5716a]: no such element
[E 2026-01-20 11:28:47,753 minium.Conn6736 connection#668 __on_message] [c537f2e5-acc8-4238-8808-e64229e816ed]: no such element
[E 2026-01-20 11:28:48,760 minium.Conn6736 connection#668 __on_message] [059e21f6-7d8d-49e2-a1d8-ecbd3323b6ec]: no such element
[E 2026-01-20 11:28:48,761 minium test_home_page#101 test_myhome_friendship_status_change] 个人说明书状态 休闲 切换失败：element[/view[2]/view[5]/view[2]/view[1]] not found
[I 2026-01-20 11:28:48,762 minium minitest#897 capture] capture 个人说明书切换休闲状态_112848.png.png
[E 2026-01-20 11:28:48,923 minium minitest#793 _callTestMethod] test exception
Traceback (most recent call last):
  File "C:\Users\Mandy\AppData\Local\Programs\Python\Python313\Lib\site-packages\minium\framework\minitest.py", line 789, in _callTestMethod
    method()
    ~~~~~~^^
  File "D:\FreeTrust\FreeU_WX_Minium\test\test_home_page.py", line 90, in test_myhome_friendship_status_change
    current_status = self.page.get_element(myhome_select_friendship_status_element,
                                           max_timeout=max_timeout)
  File "C:\Users\Mandy\AppData\Local\Programs\Python\Python313\Lib\site-packages\minium\miniprogram\base_driver\app.py", line 291, in wrapper
    return func(*args, **kwargs)
  File "C:\Users\Mandy\AppData\Local\Programs\Python\Python313\Lib\site-packages\minium\miniprogram\base_driver\minium_log.py", line 148, in wrapper
    result = func(*args, **kwargs)
  File "C:\Users\Mandy\AppData\Local\Programs\Python\Python313\Lib\site-packages\minium\miniprogram\base_driver\page\page.py", line 363, in get_element
    return self.get_element_by_xpath(
           ~~~~~~~~~~~~~~~~~~~~~~~~~^
        _selector,
        ^^^^^^^^^^
        max_timeout=max_timeout,
        ^^^^^^^^^^^^^^^^^^^^^^^^
        auto_fix=auto_fix
        ^^^^^^^^^^^^^^^^^
    )
    ^
  File "C:\Users\Mandy\AppData\Local\Programs\Python\Python313\Lib\site-packages\minium\miniprogram\base_driver\minium_log.py", line 148, in wrapper
    result = func(*args, **kwargs)
  File "C:\Users\Mandy\AppData\Local\Programs\Python\Python313\Lib\site-packages\minium\miniprogram\base_driver\page\page.py", line 613, in get_element_by_xpath
    raise MiniElementNotFoundError(_selector)
minium.framework.exception.MiniElementNotFoundError: element[/view[2]/view[5]/view[2]/view[1]] not found
[I 2026-01-20 11:28:48,925 minium minitest#796 _callTestMethod] end test method
[I 2026-01-20 11:28:48,928 minium minitest#897 capture] capture teardown.png
[I 2026-01-20 11:28:49,097 minium page#716 _get_elements_by_css] try to get elements: page
[I 2026-01-20 11:28:49,104 minium page#749 _get_elements_by_css] find elements success: [<minium.miniprogram.base_driver.element.CustomElement object at 0x000001F79734DC70>]
[I 2026-01-20 11:28:49,145 minium basenative#59 wrapper] call BaseNative.get_start_up
[I 2026-01-20 11:28:49,145 minium basenative#63 wrapper] call BaseNative.get_start_up end 
[E 2026-01-20 11:28:49,148 minium utils#166 wrapper] catch error: 'gbk' codec can't decode byte 0x83 in position 1202: illegal multibyte sequence
[E 2026-01-20 11:28:49,150 minium assertbase#390 _get_stack_info] <bound method MyHomeTest.test_myhome_friendship_status_change of <test.test_home_page.MyHomeTest testMethod=test_myhome_friendship_status_change>>
Traceback (most recent call last):
  File "C:\Users\Mandy\AppData\Local\Programs\Python\Python313\Lib\site-packages\minium\framework\libs\unittest\case.py", line 43, in testPartExecutor
    yield
  File "C:\Users\Mandy\AppData\Local\Programs\Python\Python313\Lib\site-packages\minium\framework\libs\unittest\case.py", line 125, in run
    self._callTestMethod(testMethod)
    ~~~~~~~~~~~~~~~~~~~~^^^^^^^^^^^^
  File "C:\Users\Mandy\AppData\Local\Programs\Python\Python313\Lib\site-packages\minium\framework\minitest.py", line 789, in _callTestMethod
    method()
    ~~~~~~^^
  File "D:\FreeTrust\FreeU_WX_Minium\test\test_home_page.py", line 90, in test_myhome_friendship_status_change
    current_status = self.page.get_element(myhome_select_friendship_status_element,
                                           max_timeout=max_timeout)
  File "C:\Users\Mandy\AppData\Local\Programs\Python\Python313\Lib\site-packages\minium\miniprogram\base_driver\app.py", line 291, in wrapper
    return func(*args, **kwargs)
  File "C:\Users\Mandy\AppData\Local\Programs\Python\Python313\Lib\site-packages\minium\miniprogram\base_driver\minium_log.py", line 148, in wrapper
    result = func(*args, **kwargs)
  File "C:\Users\Mandy\AppData\Local\Programs\Python\Python313\Lib\site-packages\minium\miniprogram\base_driver\page\page.py", line 363, in get_element
    return self.get_element_by_xpath(
           ~~~~~~~~~~~~~~~~~~~~~~~~~^
        _selector,
        ^^^^^^^^^^
        max_timeout=max_timeout,
        ^^^^^^^^^^^^^^^^^^^^^^^^
        auto_fix=auto_fix
        ^^^^^^^^^^^^^^^^^
    )
    ^
  File "C:\Users\Mandy\AppData\Local\Programs\Python\Python313\Lib\site-packages\minium\miniprogram\base_driver\minium_log.py", line 148, in wrapper
    result = func(*args, **kwargs)
  File "C:\Users\Mandy\AppData\Local\Programs\Python\Python313\Lib\site-packages\minium\miniprogram\base_driver\page\page.py", line 613, in get_element_by_xpath
    raise MiniElementNotFoundError(_selector)
minium.framework.exception.MiniElementNotFoundError: element[/view[2]/view[5]/view[2]/view[1]] not found
[W 2026-01-20 11:28:49,152 minium assertbase#354 _log_info_when_error] config: {'debug': False, 'base_dir': 'D:\\FreeTrust\\FreeU_WX_Minium', 'platform': 'ide', 'app': 'wx', 'debug_mode': 'ide', 'close_ide': False, 'auto_capture': 'auto', 'check_mp_foreground': True, 'auto_relaunch': False, 'device_desire': {}, 'account_info': {}, 'report_usage': True, 'remote_connect_timeout': 180, 'request_timeout': 60, 'use_push': True, 'full_reset': False, 'outputs': 'D:\\FreeTrust\\FreeU_WX_Minium\\outputs', 'enable_app_log': True, 'enable_network_panel': False, 'project_path': 'D:/FreeTrust/Project/fu-taro-card', 'dev_tool_path': 'C:/Program Files (x86)/Tencent/微信web开发者工具/cli.bat', 'test_port': 9420, 'mock_native_modal': {}, 'mock_request': [], 'auto_authorize': False, 'audits': None, 'teardown_snapshot': False, 'mock_images_dir': '', 'mock_images': {}, 'need_perf': False, 'appid': None, 'enable_h5': True, 'autofix': False, 'launch_path': '/pages/find/index', 'framework_capture': True, 'error_capture': False, 'assert_capture': True, 'create_time': '20260120111925', 'case_output': 'D:\\FreeTrust\\FreeU_WX_Minium\\outputs\\20260120111925\\test_myhome_friendship_status_change\\20260120112833868902'}
[W 2026-01-20 11:28:49,153 minium assertbase#355 _log_info_when_error] build info: {'version': '1.6.0', 'revision': '33ce5b50b34ec18c51c054a7cc1bdfb3ab0a451b', 'branch': 'master', 'update_at': '2024-10-09 21:08:56'}
[W 2026-01-20 11:28:49,154 minium minitest#1029 _log_info_when_error] mini: 基础库3.8.0, 开发者工具2.01.2510260
[W 2026-01-20 11:28:49,155 minium minitest#1031 _log_info_when_error] native: <minium.native.wx_native.idenative.IdeNative object at 0x000001F7967D46E0>
