[E 2026-01-21 11:05:15,072 minium.Conn4912 connection#668 __on_message] [18f7e6b1-becb-4b90-861b-0f7adae64bc4]: no such element
[E 2026-01-21 11:05:16,081 minium.Conn4912 connection#668 __on_message] [6287f407-8db9-423b-96dd-c8df03b53e1a]: no such element
[E 2026-01-21 11:05:17,092 minium.Conn4912 connection#668 __on_message] [0c7f6878-1523-4737-ab6b-e8f69bdf903e]: no such element
[E 2026-01-21 11:05:18,099 minium.Conn4912 connection#668 __on_message] [591c89cc-6110-4c75-ba94-f0cbb636edb2]: no such element
[E 2026-01-21 11:05:19,105 minium.Conn4912 connection#668 __on_message] [5ee17f95-b672-47f0-98d1-63aab6c09607]: no such element
[E 2026-01-21 11:05:20,113 minium.Conn4912 connection#668 __on_message] [c6b9dbd7-f0ca-49d8-94fe-969bc73bda79]: no such element
[E 2026-01-21 11:05:21,122 minium.Conn4912 connection#668 __on_message] [eaa5738a-9218-40e6-8b28-cba9a47bc1e8]: no such element
[E 2026-01-21 11:05:22,134 minium.Conn4912 connection#668 __on_message] [949a7b53-c476-4dc3-bfab-0a9fdfcef13b]: no such element
[E 2026-01-21 11:05:23,143 minium.Conn4912 connection#668 __on_message] [38e84eff-98cb-4e19-8660-8c3618679762]: no such element
[E 2026-01-21 11:05:24,153 minium.Conn4912 connection#668 __on_message] [468a80df-47e7-4e2b-bae4-8f0123bd1a18]: no such element
[E 2026-01-21 11:05:24,505 minium.Conn4912 connection#668 __on_message] [79d4e778-5639-48a2-aa46-053bdf54d40a]: no such element
[E 2026-01-21 11:05:25,515 minium.Conn4912 connection#668 __on_message] [de79cb6e-683e-407c-8ad9-528d0799ec10]: no such element
[E 2026-01-21 11:05:26,525 minium.Conn4912 connection#668 __on_message] [5d964b07-beb6-4178-a5de-0d08be3d7845]: no such element
[E 2026-01-21 11:05:27,534 minium.Conn4912 connection#668 __on_message] [1044eb7d-e2e4-487d-814f-6e17e96a0ed6]: no such element
[E 2026-01-21 11:05:28,545 minium.Conn4912 connection#668 __on_message] [f4c0b5ba-dd6a-405d-b38a-842b760ae6da]: no such element
[E 2026-01-21 11:05:29,554 minium.Conn4912 connection#668 __on_message] [4d9f7de2-90ed-46dd-8499-5cab90d763d9]: no such element
[E 2026-01-21 11:05:30,568 minium.Conn4912 connection#668 __on_message] [0c8a6516-726a-4203-bc5c-6599270931f4]: no such element
[E 2026-01-21 11:05:31,577 minium.Conn4912 connection#668 __on_message] [a250aed7-13a2-4302-9574-f66aa0afe07b]: no such element
[E 2026-01-21 11:05:32,587 minium.Conn4912 connection#668 __on_message] [932d3785-24ba-40c5-8a31-d6e12518cf54]: no such element
[E 2026-01-21 11:05:33,598 minium.Conn4912 connection#668 __on_message] [ebfb7da9-4a98-4059-a3f4-391aff03e6a9]: no such element
[E 2026-01-21 11:05:33,654 minium test_home_page#155 test_myhome_business_status_change] 个人说明书切换商务状态失败：element[/view[2]/view[5]/view[2]/view[2]] not found
[E 2026-01-21 11:05:35,670 minium test_home_page#1044 test_myhome_business_create_others_character_specification] 文字转名片创建个人说明书失败：element[/view[2]/view[5]/view[2]/view[2]] not found
[E 2026-01-21 11:05:37,672 minium minitest#793 _callTestMethod] test exception
Traceback (most recent call last):
  File "C:\Users\Mandy\AppData\Local\Programs\Python\Python313\Lib\site-packages\minium\framework\minitest.py", line 789, in _callTestMethod
    method()
    ~~~~~~^^
  File "D:\FreeTrust\FreeU_WX_Minium\test\test_home_page.py", line 925, in test_myhome_business_create_others_character_specification
    self.test_myhome_business_status_change()
    ~~~~~~~~~~~~~~~~~~~~~~~~~~~~~~~~~~~~~~~^^
  File "D:\FreeTrust\FreeU_WX_Minium\test\test_home_page.py", line 144, in test_myhome_business_status_change
    current_status = self.page.get_element(myhome_select_business_status_element,
                                           max_timeout=max_timeout)
  File "C:\Users\Mandy\AppData\Local\Programs\Python\Python313\Lib\site-packages\minium\miniprogram\base_driver\app.py", line 291, in wrapper
    return func(*args, **kwargs)
  File "C:\Users\Mandy\AppData\Local\Programs\Python\Python313\Lib\site-packages\minium\miniprogram\base_driver\minium_log.py", line 148, in wrapper
    result = func(*args, **kwargs)
  File "C:\Users\Mandy\AppData\Local\Programs\Python\Python313\Lib\site-packages\minium\miniprogram\base_driver\page\page.py", line 363, in get_element
    return self.get_element_by_xpath(
           ~~~~~~~~~~~~~~~~~~~~~~~~~^
        _selector,
        ^^^^^^^^^^
        max_timeout=max_timeout,
        ^^^^^^^^^^^^^^^^^^^^^^^^
        auto_fix=auto_fix
        ^^^^^^^^^^^^^^^^^
    )
    ^
  File "C:\Users\Mandy\AppData\Local\Programs\Python\Python313\Lib\site-packages\minium\miniprogram\base_driver\minium_log.py", line 148, in wrapper
    result = func(*args, **kwargs)
  File "C:\Users\Mandy\AppData\Local\Programs\Python\Python313\Lib\site-packages\minium\miniprogram\base_driver\page\page.py", line 613, in get_element_by_xpath
    raise MiniElementNotFoundError(_selector)
minium.framework.exception.MiniElementNotFoundError: element[/view[2]/view[5]/view[2]/view[2]] not found
[E 2026-01-21 11:05:39,729 minium utils#166 wrapper] catch error: 'gbk' codec can't decode byte 0x83 in position 1209: illegal multibyte sequence
[E 2026-01-21 11:05:39,731 minium assertbase#390 _get_stack_info] <bound method MyHomeTest.test_myhome_business_create_others_character_specification of <test.test_home_page.MyHomeTest testMethod=test_myhome_business_create_others_character_specification>>
Traceback (most recent call last):
  File "C:\Users\Mandy\AppData\Local\Programs\Python\Python313\Lib\site-packages\minium\framework\libs\unittest\case.py", line 43, in testPartExecutor
    yield
  File "C:\Users\Mandy\AppData\Local\Programs\Python\Python313\Lib\site-packages\minium\framework\libs\unittest\case.py", line 125, in run
    self._callTestMethod(testMethod)
    ~~~~~~~~~~~~~~~~~~~~^^^^^^^^^^^^
  File "C:\Users\Mandy\AppData\Local\Programs\Python\Python313\Lib\site-packages\minium\framework\minitest.py", line 789, in _callTestMethod
    method()
    ~~~~~~^^
  File "D:\FreeTrust\FreeU_WX_Minium\test\test_home_page.py", line 925, in test_myhome_business_create_others_character_specification
    self.test_myhome_business_status_change()
    ~~~~~~~~~~~~~~~~~~~~~~~~~~~~~~~~~~~~~~~^^
  File "D:\FreeTrust\FreeU_WX_Minium\test\test_home_page.py", line 144, in test_myhome_business_status_change
    current_status = self.page.get_element(myhome_select_business_status_element,
                                           max_timeout=max_timeout)
  File "C:\Users\Mandy\AppData\Local\Programs\Python\Python313\Lib\site-packages\minium\miniprogram\base_driver\app.py", line 291, in wrapper
    return func(*args, **kwargs)
  File "C:\Users\Mandy\AppData\Local\Programs\Python\Python313\Lib\site-packages\minium\miniprogram\base_driver\minium_log.py", line 148, in wrapper
    result = func(*args, **kwargs)
  File "C:\Users\Mandy\AppData\Local\Programs\Python\Python313\Lib\site-packages\minium\miniprogram\base_driver\page\page.py", line 363, in get_element
    return self.get_element_by_xpath(
           ~~~~~~~~~~~~~~~~~~~~~~~~~^
        _selector,
        ^^^^^^^^^^
        max_timeout=max_timeout,
        ^^^^^^^^^^^^^^^^^^^^^^^^
        auto_fix=auto_fix
        ^^^^^^^^^^^^^^^^^
    )
    ^
  File "C:\Users\Mandy\AppData\Local\Programs\Python\Python313\Lib\site-packages\minium\miniprogram\base_driver\minium_log.py", line 148, in wrapper
    result = func(*args, **kwargs)
  File "C:\Users\Mandy\AppData\Local\Programs\Python\Python313\Lib\site-packages\minium\miniprogram\base_driver\page\page.py", line 613, in get_element_by_xpath
    raise MiniElementNotFoundError(_selector)
minium.framework.exception.MiniElementNotFoundError: element[/view[2]/view[5]/view[2]/view[2]] not found
