[I 2026-01-20 11:09:05,985 minium minitest#432 _miniSetUp] =========Current case: test_myhome_business_status_change=========
[I 2026-01-20 11:09:05,985 minium minitest#435 _miniSetUp] package info: D:.FreeTrust.FreeU_WX_Minium.test.test_home_page, case info: MyHomeTest.test_myhome_business_status_change
[I 2026-01-20 11:09:05,985 minium basenative#59 wrapper] call BaseNative.check_connection
[I 2026-01-20 11:09:05,985 minium basenative#63 wrapper] call BaseNative.check_connection end True
[I 2026-01-20 11:09:05,986 minium basenative#59 wrapper] call BaseNative.back_to_miniprogram
[I 2026-01-20 11:09:05,986 minium basenative#794 back_to_miniprogram] try back_to_miniprogram 3
[I 2026-01-20 11:09:05,986 minium basenative#63 wrapper] call BaseNative.back_to_miniprogram end 
[I 2026-01-20 11:09:05,987 minium minitest#897 capture] capture setup.png
[I 2026-01-20 11:09:06,198 minium minitest#487 _miniSetUp] =========case: test_myhome_business_status_change start=========
[I 2026-01-20 11:09:06,198 minium minitest#788 _callTestMethod] call test method
[I 2026-01-20 11:09:06,199 minium minitest#897 capture] capture 跳转至广场页前_110906.png.png
[I 2026-01-20 11:09:06,380 minium minitest#897 capture] capture 跳转至广场页后_110906.png.png
[I 2026-01-20 11:09:06,520 minium page#716 _get_elements_by_css] try to get elements: button[class='h5-button switch-button']
[I 2026-01-20 11:09:06,525 minium page#749 _get_elements_by_css] find elements success: [<minium.miniprogram.base_driver.element.BaseElement object at 0x000001454DCF5D10>]
[I 2026-01-20 11:09:18,757 minium page#716 _get_elements_by_css] try to get elements: button[class='h5-button switch-button']
[I 2026-01-20 11:09:18,762 minium page#749 _get_elements_by_css] find elements success: [<minium.miniprogram.base_driver.element.BaseElement object at 0x000001454DCF6210>]
[E 2026-01-20 11:09:42,974 minium.Conn6576 connection#668 __on_message] [85a10938-ca5f-4084-af25-e615f94b7820]: no such element
[E 2026-01-20 11:09:43,980 minium.Conn6576 connection#668 __on_message] [590dade6-4891-4d85-b62c-3609d6e95e8b]: no such element
[E 2026-01-20 11:09:44,986 minium.Conn6576 connection#668 __on_message] [96572689-9a9a-4693-828c-a9ca3b651820]: no such element
[E 2026-01-20 11:09:45,994 minium.Conn6576 connection#668 __on_message] [1d9aa234-4b56-4d57-946c-eefe4a7c616a]: no such element
[E 2026-01-20 11:09:47,002 minium.Conn6576 connection#668 __on_message] [e5e3e582-d8a8-4977-8804-f974b8ebc89e]: no such element
[E 2026-01-20 11:09:48,007 minium.Conn6576 connection#668 __on_message] [9cd36612-979c-4902-a017-0ca4d633ca3f]: no such element
[E 2026-01-20 11:09:49,014 minium.Conn6576 connection#668 __on_message] [828e36e5-7ccd-40c7-ba9c-d93b380b8f6c]: no such element
[E 2026-01-20 11:09:50,022 minium.Conn6576 connection#668 __on_message] [e538e910-c750-45a0-b8b3-42a6adde340f]: no such element
[E 2026-01-20 11:09:51,029 minium.Conn6576 connection#668 __on_message] [a98d45e9-078e-40fd-9675-f765b055cc02]: no such element
[E 2026-01-20 11:09:52,039 minium.Conn6576 connection#668 __on_message] [de2e5af5-3d53-4ce5-8c42-5ab5d4487cc1]: no such element
[E 2026-01-20 11:09:52,040 minium test_home_page#154 test_myhome_business_status_change] 个人说明书切换商务状态失败：element[/view[2]/scroll-view/view/view/view[1]/view[1]/view/view/view/text] not found
[I 2026-01-20 11:09:52,040 minium minitest#897 capture] capture 个人说明书切换商务状态_110952.png.png
[E 2026-01-20 11:09:52,329 minium minitest#793 _callTestMethod] test exception
Traceback (most recent call last):
  File "C:\Users\Mandy\AppData\Local\Programs\Python\Python313\Lib\site-packages\minium\framework\minitest.py", line 789, in _callTestMethod
    method()
    ~~~~~~^^
  File "D:\FreeTrust\FreeU_WX_Minium\test\test_home_page.py", line 140, in test_myhome_business_status_change
    status_popup = self.page.get_element(myhome_friendship_status_element, max_timeout=max_timeout)
  File "C:\Users\Mandy\AppData\Local\Programs\Python\Python313\Lib\site-packages\minium\miniprogram\base_driver\app.py", line 291, in wrapper
    return func(*args, **kwargs)
  File "C:\Users\Mandy\AppData\Local\Programs\Python\Python313\Lib\site-packages\minium\miniprogram\base_driver\minium_log.py", line 148, in wrapper
    result = func(*args, **kwargs)
  File "C:\Users\Mandy\AppData\Local\Programs\Python\Python313\Lib\site-packages\minium\miniprogram\base_driver\page\page.py", line 363, in get_element
    return self.get_element_by_xpath(
           ~~~~~~~~~~~~~~~~~~~~~~~~~^
        _selector,
        ^^^^^^^^^^
        max_timeout=max_timeout,
        ^^^^^^^^^^^^^^^^^^^^^^^^
        auto_fix=auto_fix
        ^^^^^^^^^^^^^^^^^
    )
    ^
  File "C:\Users\Mandy\AppData\Local\Programs\Python\Python313\Lib\site-packages\minium\miniprogram\base_driver\minium_log.py", line 148, in wrapper
    result = func(*args, **kwargs)
  File "C:\Users\Mandy\AppData\Local\Programs\Python\Python313\Lib\site-packages\minium\miniprogram\base_driver\page\page.py", line 613, in get_element_by_xpath
    raise MiniElementNotFoundError(_selector)
minium.framework.exception.MiniElementNotFoundError: element[/view[2]/scroll-view/view/view/view[1]/view[1]/view/view/view/text] not found
[I 2026-01-20 11:09:52,331 minium minitest#796 _callTestMethod] end test method
[I 2026-01-20 11:09:52,333 minium minitest#897 capture] capture teardown.png
[I 2026-01-20 11:09:52,585 minium page#716 _get_elements_by_css] try to get elements: page
[I 2026-01-20 11:09:52,592 minium page#749 _get_elements_by_css] find elements success: [<minium.miniprogram.base_driver.element.CustomElement object at 0x000001454D7E0690>]
[I 2026-01-20 11:09:52,649 minium basenative#59 wrapper] call BaseNative.get_start_up
[I 2026-01-20 11:09:52,649 minium basenative#63 wrapper] call BaseNative.get_start_up end 
[E 2026-01-20 11:09:52,651 minium utils#166 wrapper] catch error: 'gbk' codec can't decode byte 0x83 in position 1202: illegal multibyte sequence
[E 2026-01-20 11:09:52,654 minium assertbase#390 _get_stack_info] <bound method MyHomeTest.test_myhome_business_status_change of <test.test_home_page.MyHomeTest testMethod=test_myhome_business_status_change>>
Traceback (most recent call last):
  File "C:\Users\Mandy\AppData\Local\Programs\Python\Python313\Lib\site-packages\minium\framework\libs\unittest\case.py", line 43, in testPartExecutor
    yield
  File "C:\Users\Mandy\AppData\Local\Programs\Python\Python313\Lib\site-packages\minium\framework\libs\unittest\case.py", line 125, in run
    self._callTestMethod(testMethod)
    ~~~~~~~~~~~~~~~~~~~~^^^^^^^^^^^^
  File "C:\Users\Mandy\AppData\Local\Programs\Python\Python313\Lib\site-packages\minium\framework\minitest.py", line 789, in _callTestMethod
    method()
    ~~~~~~^^
  File "D:\FreeTrust\FreeU_WX_Minium\test\test_home_page.py", line 140, in test_myhome_business_status_change
    status_popup = self.page.get_element(myhome_friendship_status_element, max_timeout=max_timeout)
  File "C:\Users\Mandy\AppData\Local\Programs\Python\Python313\Lib\site-packages\minium\miniprogram\base_driver\app.py", line 291, in wrapper
    return func(*args, **kwargs)
  File "C:\Users\Mandy\AppData\Local\Programs\Python\Python313\Lib\site-packages\minium\miniprogram\base_driver\minium_log.py", line 148, in wrapper
    result = func(*args, **kwargs)
  File "C:\Users\Mandy\AppData\Local\Programs\Python\Python313\Lib\site-packages\minium\miniprogram\base_driver\page\page.py", line 363, in get_element
    return self.get_element_by_xpath(
           ~~~~~~~~~~~~~~~~~~~~~~~~~^
        _selector,
        ^^^^^^^^^^
        max_timeout=max_timeout,
        ^^^^^^^^^^^^^^^^^^^^^^^^
        auto_fix=auto_fix
        ^^^^^^^^^^^^^^^^^
    )
    ^
  File "C:\Users\Mandy\AppData\Local\Programs\Python\Python313\Lib\site-packages\minium\miniprogram\base_driver\minium_log.py", line 148, in wrapper
    result = func(*args, **kwargs)
  File "C:\Users\Mandy\AppData\Local\Programs\Python\Python313\Lib\site-packages\minium\miniprogram\base_driver\page\page.py", line 613, in get_element_by_xpath
    raise MiniElementNotFoundError(_selector)
minium.framework.exception.MiniElementNotFoundError: element[/view[2]/scroll-view/view/view/view[1]/view[1]/view/view/view/text] not found
[W 2026-01-20 11:09:52,655 minium assertbase#354 _log_info_when_error] config: {'debug': False, 'base_dir': 'D:\\FreeTrust\\FreeU_WX_Minium', 'platform': 'ide', 'app': 'wx', 'debug_mode': 'ide', 'close_ide': False, 'auto_capture': 'auto', 'check_mp_foreground': True, 'auto_relaunch': False, 'device_desire': {}, 'account_info': {}, 'report_usage': True, 'remote_connect_timeout': 180, 'request_timeout': 60, 'use_push': True, 'full_reset': False, 'outputs': 'D:\\FreeTrust\\FreeU_WX_Minium\\outputs', 'enable_app_log': True, 'enable_network_panel': False, 'project_path': 'D:/FreeTrust/Project/fu-taro-card', 'dev_tool_path': 'C:/Program Files (x86)/Tencent/微信web开发者工具/cli.bat', 'test_port': 9420, 'mock_native_modal': {}, 'mock_request': [], 'auto_authorize': False, 'audits': None, 'teardown_snapshot': False, 'mock_images_dir': '', 'mock_images': {}, 'need_perf': False, 'appid': None, 'enable_h5': True, 'autofix': False, 'launch_path': '/pages/find/index', 'framework_capture': True, 'error_capture': False, 'assert_capture': True, 'create_time': '20260120110520', 'case_output': 'D:\\FreeTrust\\FreeU_WX_Minium\\outputs\\20260120110520\\test_myhome_business_status_change\\20260120110905984010'}
[W 2026-01-20 11:09:52,655 minium assertbase#355 _log_info_when_error] build info: {'version': '1.6.0', 'revision': '33ce5b50b34ec18c51c054a7cc1bdfb3ab0a451b', 'branch': 'master', 'update_at': '2024-10-09 21:08:56'}
[W 2026-01-20 11:09:52,656 minium minitest#1029 _log_info_when_error] mini: 基础库3.8.0, 开发者工具2.01.2510260
[W 2026-01-20 11:09:52,656 minium minitest#1031 _log_info_when_error] native: <minium.native.wx_native.idenative.IdeNative object at 0x000001454D7B46E0>
