[I 2026-01-20 11:05:53,556 minium minitest#432 _miniSetUp] =========Current case: test_demo=========
[I 2026-01-20 11:05:53,556 minium minitest#435 _miniSetUp] package info: D:.FreeTrust.FreeU_WX_Minium.test.test_demo, case info: DemoTest.test_demo
[I 2026-01-20 11:05:53,556 minium basenative#59 wrapper] call BaseNative.check_connection
[I 2026-01-20 11:05:53,556 minium basenative#63 wrapper] call BaseNative.check_connection end True
[I 2026-01-20 11:05:53,556 minium basenative#59 wrapper] call BaseNative.back_to_miniprogram
[I 2026-01-20 11:05:53,557 minium basenative#794 back_to_miniprogram] try back_to_miniprogram 3
[I 2026-01-20 11:05:53,557 minium basenative#63 wrapper] call BaseNative.back_to_miniprogram end 
[I 2026-01-20 11:05:53,558 minium minitest#897 capture] capture setup.png
[I 2026-01-20 11:05:53,624 minium minitest#487 _miniSetUp] =========case: test_demo start=========
[I 2026-01-20 11:05:53,624 minium minitest#788 _callTestMethod] call test method
[I 2026-01-20 11:05:53,625 minium minitest#897 capture] capture 跳转至广场页前_110553.png.png
[I 2026-01-20 11:05:54,037 minium home_tab_page#48 goto_home_page] 第1次尝试跳转到广场页...
[I 2026-01-20 11:05:54,037 minium.App1280 app#950 relaunch] ReLaunch: /pages/home/index
[E 2026-01-20 11:06:04,144 minium.Conn6576 connection#668 __on_message] [ef6514e1-8f22-4e25-ac82-3da97d1bd9b6]: timeout
[I 2026-01-20 11:06:04,144 minium.Conn6576 connection#704 _handle_async_msg] received async msg: ef6514e1-8f22-4e25-ac82-3da97d1bd9b6
[W 2026-01-20 11:06:04,146 minium.App1280 app#1172 _change_route_async] 可能因频繁调用reLaunch导致timeout
[E 2026-01-20 11:06:19,148 minium home_tab_page#63 goto_home_page] 第1次跳转失败：
[I 2026-01-20 11:06:20,148 minium home_tab_page#48 goto_home_page] 第2次尝试跳转到广场页...
[I 2026-01-20 11:06:20,149 minium.App1280 app#950 relaunch] ReLaunch: /pages/home/index
[I 2026-01-20 11:06:21,515 minium.App1280 app#1226 _on_route_changed] Route changed, {'name': 'onAppRouteDone', 'args': [{'path': 'pages/home/index', 'query': {}, 'openType': 'reLaunch', 'timeStamp': 1768878381509, 'webviewId': 5, 'routeEventId': '', 'renderer': 'webview'}, 1768878381512]}
[I 2026-01-20 11:06:21,517 minium.Conn6576 connection#704 _handle_async_msg] received async msg: 2fad2dbd-8d86-4c11-99a0-e19e6d18301d
[I 2026-01-20 11:06:21,518 minium home_tab_page#56 goto_home_page] 进入广场页成功！
[I 2026-01-20 11:06:21,519 minium page#716 _get_elements_by_css] try to get elements: view[class='h5-view user-avatar']
[I 2026-01-20 11:06:21,646 minium page#749 _get_elements_by_css] find elements success: [<minium.miniprogram.base_driver.element.BaseElement object at 0x000001454D7B6A50>]
[I 2026-01-20 11:06:21,647 minium home_tab_page#76 goto_home_page] 进入广场页成功
[I 2026-01-20 11:06:21,647 minium page#716 _get_elements_by_css] try to get elements: view[class='h5-view user-avatar']
[I 2026-01-20 11:06:21,699 minium page#749 _get_elements_by_css] find elements success: [<minium.miniprogram.base_driver.element.BaseElement object at 0x000001454D70BED0>]
[I 2026-01-20 11:06:21,699 minium minitest#897 capture] capture 跳转至广场页后_110621.png.png
[I 2026-01-20 11:06:22,001 minium page#716 _get_elements_by_css] try to get elements: view[class='h5-view user-avatar']
[I 2026-01-20 11:06:22,221 minium page#749 _get_elements_by_css] find elements success: [<minium.miniprogram.base_driver.element.BaseElement object at 0x000001454D70BED0>]
[I 2026-01-20 11:06:23,457 minium page#716 _get_elements_by_css] try to get elements: button[class='h5-button function-box__item--text']
[I 2026-01-20 11:06:23,484 minium page#749 _get_elements_by_css] find elements success: [<minium.miniprogram.base_driver.element.BaseElement object at 0x000001454D752C40>, <minium.miniprogram.base_driver.element.BaseElement object at 0x000001454D752D70>, <minium.miniprogram.base_driver.element.BaseElement object at 0x000001454D7BDEB0>, <minium.miniprogram.base_driver.element.BaseElement object at 0x000001454D78EF10>, <minium.miniprogram.base_driver.element.BaseElement object at 0x000001454D78F570>, <minium.miniprogram.base_driver.element.BaseElement object at 0x000001454D776150>, <minium.miniprogram.base_driver.element.BaseElement object at 0x000001454D775E50>, <minium.miniprogram.base_driver.element.BaseElement object at 0x000001454D778D70>, <minium.miniprogram.base_driver.element.BaseElement object at 0x000001454D779040>, <minium.miniprogram.base_driver.element.BaseElement object at 0x000001454D782890>, <minium.miniprogram.base_driver.element.BaseElement object at 0x000001454D781EF0>, <minium.miniprogram.base_driver.element.BaseElement object at 0x000001454D76AD00>, <minium.miniprogram.base_driver.element.BaseElement object at 0x000001454D68B710>, <minium.miniprogram.base_driver.element.BaseElement object at 0x000001454D68B7D0>, <minium.miniprogram.base_driver.element.BaseElement object at 0x000001454D71A200>, <minium.miniprogram.base_driver.element.BaseElement object at 0x000001454D71A620>, <minium.miniprogram.base_driver.element.BaseElement object at 0x000001454D7CB4D0>, <minium.miniprogram.base_driver.element.BaseElement object at 0x000001454D7CB9D0>]
[I 2026-01-20 11:06:27,516 minium minitest#897 capture] capture 日程管理后_110627.png.png
[I 2026-01-20 11:06:28,847 minium page#716 _get_elements_by_css] try to get elements: image[src='https://obs.freeuuu.com/public/freeu-card/new-tabs/publish-btn.png']
[I 2026-01-20 11:06:29,171 minium.App1280 app#1226 _on_route_changed] Route changed, {'name': 'onAppRouteDone', 'args': [{'path': 'pages6/schedules/index', 'query': {}, 'openType': 'navigateTo', 'timeStamp': 1768878389168, 'webviewId': 6, 'routeEventId': '6_1768878389028', 'renderer': 'webview'}, 1768878389169]}
[W 2026-01-20 11:06:37,993 minium page#747 _get_elements_by_css] Could not found any element 'image[src='https://obs.freeuuu.com/public/freeu-card/new-tabs/publish-btn.png']' you need
[E 2026-01-20 11:06:37,993 minium test_demo#39 test_demo] 日程管理失败：element[image[src='https://obs.freeuuu.com/public/freeu-card/new-tabs/publish-btn.png']] not found
[I 2026-01-20 11:06:37,994 minium minitest#897 capture] capture 日程管理失败_110637.png.png
[E 2026-01-20 11:06:39,076 minium minitest#793 _callTestMethod] test exception
Traceback (most recent call last):
  File "C:\Users\Mandy\AppData\Local\Programs\Python\Python313\Lib\site-packages\minium\framework\minitest.py", line 789, in _callTestMethod
    method()
    ~~~~~~^^
  File "D:\FreeTrust\FreeU_WX_Minium\test\test_demo.py", line 34, in test_demo
    create_btn = self.page.get_element(home_user_schedule_create_btn_element, max_timeout=max_timeout)
  File "C:\Users\Mandy\AppData\Local\Programs\Python\Python313\Lib\site-packages\minium\miniprogram\base_driver\app.py", line 291, in wrapper
    return func(*args, **kwargs)
  File "C:\Users\Mandy\AppData\Local\Programs\Python\Python313\Lib\site-packages\minium\miniprogram\base_driver\minium_log.py", line 148, in wrapper
    result = func(*args, **kwargs)
  File "C:\Users\Mandy\AppData\Local\Programs\Python\Python313\Lib\site-packages\minium\miniprogram\base_driver\page\page.py", line 375, in get_element
    raise MiniElementNotFoundError(_selector)
minium.framework.exception.MiniElementNotFoundError: element[image[src='https://obs.freeuuu.com/public/freeu-card/new-tabs/publish-btn.png']] not found
[I 2026-01-20 11:06:39,124 minium minitest#796 _callTestMethod] end test method
[I 2026-01-20 11:06:39,139 minium minitest#897 capture] capture teardown.png
[I 2026-01-20 11:06:39,215 minium page#716 _get_elements_by_css] try to get elements: page
[I 2026-01-20 11:06:39,220 minium page#749 _get_elements_by_css] find elements success: [<minium.miniprogram.base_driver.element.CustomElement object at 0x000001454D7B6660>]
[I 2026-01-20 11:06:39,261 minium basenative#59 wrapper] call BaseNative.get_start_up
[I 2026-01-20 11:06:39,261 minium basenative#63 wrapper] call BaseNative.get_start_up end 
[E 2026-01-20 11:06:39,266 minium utils#166 wrapper] catch error: 'gbk' codec can't decode byte 0xa1 in position 14981: illegal multibyte sequence
[E 2026-01-20 11:06:39,267 minium assertbase#390 _get_stack_info] <bound method DemoTest.test_demo of <test.test_demo.DemoTest testMethod=test_demo>>
Traceback (most recent call last):
  File "C:\Users\Mandy\AppData\Local\Programs\Python\Python313\Lib\site-packages\minium\framework\libs\unittest\case.py", line 43, in testPartExecutor
    yield
  File "C:\Users\Mandy\AppData\Local\Programs\Python\Python313\Lib\site-packages\minium\framework\libs\unittest\case.py", line 125, in run
    self._callTestMethod(testMethod)
    ~~~~~~~~~~~~~~~~~~~~^^^^^^^^^^^^
  File "C:\Users\Mandy\AppData\Local\Programs\Python\Python313\Lib\site-packages\minium\framework\minitest.py", line 789, in _callTestMethod
    method()
    ~~~~~~^^
  File "D:\FreeTrust\FreeU_WX_Minium\test\test_demo.py", line 34, in test_demo
    create_btn = self.page.get_element(home_user_schedule_create_btn_element, max_timeout=max_timeout)
  File "C:\Users\Mandy\AppData\Local\Programs\Python\Python313\Lib\site-packages\minium\miniprogram\base_driver\app.py", line 291, in wrapper
    return func(*args, **kwargs)
  File "C:\Users\Mandy\AppData\Local\Programs\Python\Python313\Lib\site-packages\minium\miniprogram\base_driver\minium_log.py", line 148, in wrapper
    result = func(*args, **kwargs)
  File "C:\Users\Mandy\AppData\Local\Programs\Python\Python313\Lib\site-packages\minium\miniprogram\base_driver\page\page.py", line 375, in get_element
    raise MiniElementNotFoundError(_selector)
minium.framework.exception.MiniElementNotFoundError: element[image[src='https://obs.freeuuu.com/public/freeu-card/new-tabs/publish-btn.png']] not found
[W 2026-01-20 11:06:39,268 minium assertbase#354 _log_info_when_error] config: {'debug': False, 'base_dir': 'D:\\FreeTrust\\FreeU_WX_Minium', 'platform': 'ide', 'app': 'wx', 'debug_mode': 'ide', 'close_ide': False, 'auto_capture': 'auto', 'check_mp_foreground': True, 'auto_relaunch': False, 'device_desire': {}, 'account_info': {}, 'report_usage': True, 'remote_connect_timeout': 180, 'request_timeout': 60, 'use_push': True, 'full_reset': False, 'outputs': 'D:\\FreeTrust\\FreeU_WX_Minium\\outputs', 'enable_app_log': True, 'enable_network_panel': False, 'project_path': 'D:/FreeTrust/Project/fu-taro-card', 'dev_tool_path': 'C:/Program Files (x86)/Tencent/微信web开发者工具/cli.bat', 'test_port': 9420, 'mock_native_modal': {}, 'mock_request': [], 'auto_authorize': False, 'audits': None, 'teardown_snapshot': False, 'mock_images_dir': '', 'mock_images': {}, 'need_perf': False, 'appid': None, 'enable_h5': True, 'autofix': False, 'launch_path': '/pages/find/index', 'framework_capture': True, 'error_capture': False, 'assert_capture': True, 'create_time': '20260120110520', 'case_output': 'D:\\FreeTrust\\FreeU_WX_Minium\\outputs\\20260120110520\\test_demo\\20260120110553553991'}
[W 2026-01-20 11:06:39,268 minium assertbase#355 _log_info_when_error] build info: {'version': '1.6.0', 'revision': '33ce5b50b34ec18c51c054a7cc1bdfb3ab0a451b', 'branch': 'master', 'update_at': '2024-10-09 21:08:56'}
[W 2026-01-20 11:06:39,268 minium minitest#1029 _log_info_when_error] mini: 基础库3.8.0, 开发者工具2.01.2510260
[W 2026-01-20 11:06:39,268 minium minitest#1031 _log_info_when_error] native: <minium.native.wx_native.idenative.IdeNative object at 0x000001454D7B46E0>
