[E 2026-01-21 22:10:58,408 minium assertbase#308 _get_error_info] self._outcome is None, maybe a class error
[E 2026-01-21 22:10:58,414 minium assertbase#390 _get_stack_info] <bound method MiniTest._miniClassSetUp of <class 'test.test_demo.DemoTest'>>
Traceback (most recent call last):
  File "C:\Users\Mandy\AppData\Local\Programs\Python\Python313\Lib\site-packages\minium\miniprogram\base_driver\connection.py", line 38, in __getattr__
    return self[name]
           ~~~~^^^^^^
KeyError: 'SDKVersion'

During handling of the above exception, another exception occurred:

Traceback (most recent call last):
  File "C:\Users\Mandy\AppData\Local\Programs\Python\Python313\Lib\site-packages\minium\miniprogram\wx_minium.py", line 842, in connect_dev_tool
    self._get_dev_tool_info()
    ~~~~~~~~~~~~~~~~~~~~~~~^^
  File "C:\Users\Mandy\AppData\Local\Programs\Python\Python313\Lib\site-packages\minium\miniprogram\wx_minium.py", line 235, in _get_dev_tool_info
    self.sdk_version = Version(result.SDKVersion)
                               ^^^^^^^^^^^^^^^^^
  File "C:\Users\Mandy\AppData\Local\Programs\Python\Python313\Lib\site-packages\minium\miniprogram\base_driver\connection.py", line 40, in __getattr__
    raise MiniNotAttributeError(name)
minium.framework.exception.MiniNotAttributeError: SDKVersion

During handling of the above exception, another exception occurred:

Traceback (most recent call last):
  File "C:\Users\Mandy\AppData\Local\Programs\Python\Python313\Lib\site-packages\minium\miniprogram\wx_minium.py", line 796, in launch_dev_tool
    self.connect_dev_tool(is_port_in_use)
    ~~~~~~~~~~~~~~~~~~~~~^^^^^^^^^^^^^^^^
  File "C:\Users\Mandy\AppData\Local\Programs\Python\Python313\Lib\site-packages\minium\miniprogram\base_driver\minium_log.py", line 148, in wrapper
    result = func(*args, **kwargs)
  File "C:\Users\Mandy\AppData\Local\Programs\Python\Python313\Lib\site-packages\minium\miniprogram\wx_minium.py", line 854, in connect_dev_tool
    raise MiniConnectError(
        "three times try to connect Dev tool has all fail ..."
    )
minium.framework.exception.MiniConnectError: three times try to connect Dev tool has all fail ...

During handling of the above exception, another exception occurred:

Traceback (most recent call last):
  File "C:\Users\Mandy\AppData\Local\Programs\Python\Python313\Lib\site-packages\minium\miniprogram\base_driver\connection.py", line 38, in __getattr__
    return self[name]
           ~~~~^^^^^^
KeyError: 'SDKVersion'

During handling of the above exception, another exception occurred:

Traceback (most recent call last):
  File "C:\Users\Mandy\AppData\Local\Programs\Python\Python313\Lib\site-packages\minium\miniprogram\wx_minium.py", line 842, in connect_dev_tool
    self._get_dev_tool_info()
    ~~~~~~~~~~~~~~~~~~~~~~~^^
  File "C:\Users\Mandy\AppData\Local\Programs\Python\Python313\Lib\site-packages\minium\miniprogram\wx_minium.py", line 235, in _get_dev_tool_info
    self.sdk_version = Version(result.SDKVersion)
                               ^^^^^^^^^^^^^^^^^
  File "C:\Users\Mandy\AppData\Local\Programs\Python\Python313\Lib\site-packages\minium\miniprogram\base_driver\connection.py", line 40, in __getattr__
    raise MiniNotAttributeError(name)
minium.framework.exception.MiniNotAttributeError: SDKVersion

During handling of the above exception, another exception occurred:

Traceback (most recent call last):
  File "C:\Users\Mandy\AppData\Local\Programs\Python\Python313\Lib\site-packages\minium\framework\libs\unittest\suite.py", line 64, in _handleClassSetUp
    _miniClassSetUp()
    ~~~~~~~~~~~~~~~^^
  File "C:\Users\Mandy\AppData\Local\Programs\Python\Python313\Lib\site-packages\minium\framework\minitest.py", line 334, in _miniClassSetUp
    native, mini, miniprogram = init_miniprogram(cls.CONFIG)
                                ~~~~~~~~~~~~~~~~^^^^^^^^^^^^
  File "C:\Users\Mandy\AppData\Local\Programs\Python\Python313\Lib\site-packages\minium\framework\minitest.py", line 204, in init_miniprogram
    mini = get_minium(cfg)
  File "C:\Users\Mandy\AppData\Local\Programs\Python\Python313\Lib\site-packages\minium\framework\minitest.py", line 164, in get_minium
    g_minium = minium.miniprogram.get_minium_driver(conf=cfg, native=g_native)
  File "C:\Users\Mandy\AppData\Local\Programs\Python\Python313\Lib\site-packages\minium\miniprogram\__init__.py", line 28, in get_minium_driver
    return APP[application](conf, *args, **kwargs)
           ~~~~~~~~~~~~~~~~^^^^^^^^^^^^^^^^^^^^^^^
  File "C:\Users\Mandy\AppData\Local\Programs\Python\Python313\Lib\site-packages\minium\miniprogram\wx_minium.py", line 160, in __init__
    self.launch_weapp()
    ~~~~~~~~~~~~~~~~~^^
  File "C:\Users\Mandy\AppData\Local\Programs\Python\Python313\Lib\site-packages\minium\miniprogram\base_driver\minium_log.py", line 148, in wrapper
    result = func(*args, **kwargs)
  File "C:\Users\Mandy\AppData\Local\Programs\Python\Python313\Lib\site-packages\minium\miniprogram\wx_minium.py", line 638, in launch_weapp
    self.launch_dev_tool()
    ~~~~~~~~~~~~~~~~~~~~^^
  File "C:\Users\Mandy\AppData\Local\Programs\Python\Python313\Lib\site-packages\minium\miniprogram\base_driver\minium_log.py", line 148, in wrapper
    result = func(*args, **kwargs)
  File "C:\Users\Mandy\AppData\Local\Programs\Python\Python313\Lib\site-packages\minium\miniprogram\wx_minium.py", line 826, in launch_dev_tool
    self.connect_dev_tool(False)
    ~~~~~~~~~~~~~~~~~~~~~^^^^^^^
  File "C:\Users\Mandy\AppData\Local\Programs\Python\Python313\Lib\site-packages\minium\miniprogram\base_driver\minium_log.py", line 148, in wrapper
    result = func(*args, **kwargs)
  File "C:\Users\Mandy\AppData\Local\Programs\Python\Python313\Lib\site-packages\minium\miniprogram\wx_minium.py", line 854, in connect_dev_tool
    raise MiniConnectError(
        "three times try to connect Dev tool has all fail ..."
    )
minium.framework.exception.MiniConnectError: three times try to connect Dev tool has all fail ...
[E 2026-01-21 22:10:58,424 minium utils#166 wrapper] catch error: 'DemoTest' object has no attribute 'autofix_info'
