[I 2026-01-20 11:09:53,688 minium minitest#432 _miniSetUp] =========Current case: test_myhome_friendship_create_others_character_specification=========
[I 2026-01-20 11:09:53,688 minium minitest#435 _miniSetUp] package info: D:.FreeTrust.FreeU_WX_Minium.test.test_home_page, case info: MyHomeTest.test_myhome_friendship_create_others_character_specification
[I 2026-01-20 11:09:53,688 minium basenative#59 wrapper] call BaseNative.check_connection
[I 2026-01-20 11:09:53,688 minium basenative#63 wrapper] call BaseNative.check_connection end True
[I 2026-01-20 11:09:53,688 minium basenative#59 wrapper] call BaseNative.back_to_miniprogram
[I 2026-01-20 11:09:53,689 minium basenative#794 back_to_miniprogram] try back_to_miniprogram 3
[I 2026-01-20 11:09:53,689 minium basenative#63 wrapper] call BaseNative.back_to_miniprogram end 
[I 2026-01-20 11:09:53,690 minium minitest#897 capture] capture setup.png
[I 2026-01-20 11:09:53,908 minium minitest#487 _miniSetUp] =========case: test_myhome_friendship_create_others_character_specification start=========
[I 2026-01-20 11:09:53,909 minium minitest#788 _callTestMethod] call test method
[I 2026-01-20 11:09:53,909 minium minitest#897 capture] capture 跳转至广场页前_110953.png.png
[I 2026-01-20 11:09:54,086 minium minitest#897 capture] capture 跳转至广场页后_110954.png.png
[I 2026-01-20 11:09:54,267 minium page#716 _get_elements_by_css] try to get elements: button[class='h5-button switch-button']
[I 2026-01-20 11:09:54,272 minium page#749 _get_elements_by_css] find elements success: [<minium.miniprogram.base_driver.element.BaseElement object at 0x000001454DDAB250>]
[I 2026-01-20 11:09:54,273 minium page#716 _get_elements_by_css] try to get elements: button[class='h5-button switch-button']
[I 2026-01-20 11:09:54,278 minium page#749 _get_elements_by_css] find elements success: [<minium.miniprogram.base_driver.element.BaseElement object at 0x000001454DDAAF30>]
[I 2026-01-20 11:09:59,347 minium page#716 _get_elements_by_css] try to get elements: text.title-name
[I 2026-01-20 11:09:59,407 minium page#749 _get_elements_by_css] find elements success: [<minium.miniprogram.base_driver.element.BaseElement object at 0x000001454DDAB1B0>]
[I 2026-01-20 11:09:59,408 minium page#716 _get_elements_by_css] try to get elements: text.title-name
[I 2026-01-20 11:09:59,416 minium page#749 _get_elements_by_css] find elements success: [<minium.miniprogram.base_driver.element.BaseElement object at 0x000001454DDAB610>]
[I 2026-01-20 11:09:59,416 minium page#716 _get_elements_by_css] try to get elements: text.title-name
[I 2026-01-20 11:09:59,421 minium page#749 _get_elements_by_css] find elements success: [<minium.miniprogram.base_driver.element.BaseElement object at 0x000001454DDAB1B0>]
[E 2026-01-20 11:09:59,500 minium.Conn6576 connection#668 __on_message] [8bcf8259-2d30-42ba-a94e-e72c5acf8712]: no such element
[E 2026-01-20 11:10:00,512 minium.Conn6576 connection#668 __on_message] [46a51ae0-777f-4984-b881-3b543d050219]: no such element
[E 2026-01-20 11:10:01,517 minium.Conn6576 connection#668 __on_message] [698d24f8-3fa2-4fb4-a5f3-565d76ad549b]: no such element
[E 2026-01-20 11:10:02,524 minium.Conn6576 connection#668 __on_message] [2b642f50-47b8-411a-a53d-5e3312fe43eb]: no such element
[E 2026-01-20 11:10:03,531 minium.Conn6576 connection#668 __on_message] [b108eefb-3b2b-4711-809a-3fdba1e64f6e]: no such element
[E 2026-01-20 11:10:04,540 minium.Conn6576 connection#668 __on_message] [0e5ccc74-5628-4d1e-a612-4e34151dae6b]: no such element
[E 2026-01-20 11:10:05,546 minium.Conn6576 connection#668 __on_message] [0ebf0996-8b0f-4631-8afe-f22ab5f2b931]: no such element
[E 2026-01-20 11:10:06,554 minium.Conn6576 connection#668 __on_message] [b95e9bd9-dc2a-452c-acd0-fbca09976ff0]: no such element
[E 2026-01-20 11:10:07,867 minium.Conn6576 connection#668 __on_message] [09791820-3042-4147-b09d-5394588110ab]: no such element
[E 2026-01-20 11:10:08,878 minium.Conn6576 connection#668 __on_message] [6fc05a26-23ab-4486-8181-75310b9b1f30]: no such element
[E 2026-01-20 11:10:08,878 minium test_home_page#101 test_myhome_friendship_status_change] 个人说明书状态 休闲 切换失败：element[/view[2]/view[5]/view[2]/view[1]] not found
[I 2026-01-20 11:10:08,879 minium minitest#897 capture] capture 个人说明书切换休闲状态_111008.png.png
[E 2026-01-20 11:10:09,092 minium test_home_page#338 test_myhome_friendship_create_others_character_specification] 文字转名片创建个人说明书失败：element[/view[2]/view[5]/view[2]/view[1]] not found
[I 2026-01-20 11:10:09,092 minium minitest#897 capture] capture 文字转名片创建个人说明书失败，请手动检查_111009.png.png
[E 2026-01-20 11:10:09,281 minium minitest#793 _callTestMethod] test exception
Traceback (most recent call last):
  File "C:\Users\Mandy\AppData\Local\Programs\Python\Python313\Lib\site-packages\minium\framework\minitest.py", line 789, in _callTestMethod
    method()
    ~~~~~~^^
  File "D:\FreeTrust\FreeU_WX_Minium\test\test_home_page.py", line 219, in test_myhome_friendship_create_others_character_specification
    self.test_myhome_friendship_status_change()
    ~~~~~~~~~~~~~~~~~~~~~~~~~~~~~~~~~~~~~~~~~^^
  File "D:\FreeTrust\FreeU_WX_Minium\test\test_home_page.py", line 90, in test_myhome_friendship_status_change
    current_status = self.page.get_element(myhome_select_friendship_status_element,
                                           max_timeout=max_timeout)
  File "C:\Users\Mandy\AppData\Local\Programs\Python\Python313\Lib\site-packages\minium\miniprogram\base_driver\app.py", line 291, in wrapper
    return func(*args, **kwargs)
  File "C:\Users\Mandy\AppData\Local\Programs\Python\Python313\Lib\site-packages\minium\miniprogram\base_driver\minium_log.py", line 148, in wrapper
    result = func(*args, **kwargs)
  File "C:\Users\Mandy\AppData\Local\Programs\Python\Python313\Lib\site-packages\minium\miniprogram\base_driver\page\page.py", line 363, in get_element
    return self.get_element_by_xpath(
           ~~~~~~~~~~~~~~~~~~~~~~~~~^
        _selector,
        ^^^^^^^^^^
        max_timeout=max_timeout,
        ^^^^^^^^^^^^^^^^^^^^^^^^
        auto_fix=auto_fix
        ^^^^^^^^^^^^^^^^^
    )
    ^
  File "C:\Users\Mandy\AppData\Local\Programs\Python\Python313\Lib\site-packages\minium\miniprogram\base_driver\minium_log.py", line 148, in wrapper
    result = func(*args, **kwargs)
  File "C:\Users\Mandy\AppData\Local\Programs\Python\Python313\Lib\site-packages\minium\miniprogram\base_driver\page\page.py", line 613, in get_element_by_xpath
    raise MiniElementNotFoundError(_selector)
minium.framework.exception.MiniElementNotFoundError: element[/view[2]/view[5]/view[2]/view[1]] not found
[I 2026-01-20 11:10:09,283 minium minitest#796 _callTestMethod] end test method
[I 2026-01-20 11:10:09,284 minium minitest#897 capture] capture teardown.png
[I 2026-01-20 11:10:09,479 minium page#716 _get_elements_by_css] try to get elements: page
[I 2026-01-20 11:10:09,486 minium page#749 _get_elements_by_css] find elements success: [<minium.miniprogram.base_driver.element.CustomElement object at 0x000001454D7E0CD0>]
[I 2026-01-20 11:10:09,540 minium basenative#59 wrapper] call BaseNative.get_start_up
[I 2026-01-20 11:10:09,540 minium basenative#63 wrapper] call BaseNative.get_start_up end 
[E 2026-01-20 11:10:09,542 minium utils#166 wrapper] catch error: 'gbk' codec can't decode byte 0x83 in position 1202: illegal multibyte sequence
[E 2026-01-20 11:10:09,544 minium assertbase#390 _get_stack_info] <bound method MyHomeTest.test_myhome_friendship_create_others_character_specification of <test.test_home_page.MyHomeTest testMethod=test_myhome_friendship_create_others_character_specification>>
Traceback (most recent call last):
  File "C:\Users\Mandy\AppData\Local\Programs\Python\Python313\Lib\site-packages\minium\framework\libs\unittest\case.py", line 43, in testPartExecutor
    yield
  File "C:\Users\Mandy\AppData\Local\Programs\Python\Python313\Lib\site-packages\minium\framework\libs\unittest\case.py", line 125, in run
    self._callTestMethod(testMethod)
    ~~~~~~~~~~~~~~~~~~~~^^^^^^^^^^^^
  File "C:\Users\Mandy\AppData\Local\Programs\Python\Python313\Lib\site-packages\minium\framework\minitest.py", line 789, in _callTestMethod
    method()
    ~~~~~~^^
  File "D:\FreeTrust\FreeU_WX_Minium\test\test_home_page.py", line 219, in test_myhome_friendship_create_others_character_specification
    self.test_myhome_friendship_status_change()
    ~~~~~~~~~~~~~~~~~~~~~~~~~~~~~~~~~~~~~~~~~^^
  File "D:\FreeTrust\FreeU_WX_Minium\test\test_home_page.py", line 90, in test_myhome_friendship_status_change
    current_status = self.page.get_element(myhome_select_friendship_status_element,
                                           max_timeout=max_timeout)
  File "C:\Users\Mandy\AppData\Local\Programs\Python\Python313\Lib\site-packages\minium\miniprogram\base_driver\app.py", line 291, in wrapper
    return func(*args, **kwargs)
  File "C:\Users\Mandy\AppData\Local\Programs\Python\Python313\Lib\site-packages\minium\miniprogram\base_driver\minium_log.py", line 148, in wrapper
    result = func(*args, **kwargs)
  File "C:\Users\Mandy\AppData\Local\Programs\Python\Python313\Lib\site-packages\minium\miniprogram\base_driver\page\page.py", line 363, in get_element
    return self.get_element_by_xpath(
           ~~~~~~~~~~~~~~~~~~~~~~~~~^
        _selector,
        ^^^^^^^^^^
        max_timeout=max_timeout,
        ^^^^^^^^^^^^^^^^^^^^^^^^
        auto_fix=auto_fix
        ^^^^^^^^^^^^^^^^^
    )
    ^
  File "C:\Users\Mandy\AppData\Local\Programs\Python\Python313\Lib\site-packages\minium\miniprogram\base_driver\minium_log.py", line 148, in wrapper
    result = func(*args, **kwargs)
  File "C:\Users\Mandy\AppData\Local\Programs\Python\Python313\Lib\site-packages\minium\miniprogram\base_driver\page\page.py", line 613, in get_element_by_xpath
    raise MiniElementNotFoundError(_selector)
minium.framework.exception.MiniElementNotFoundError: element[/view[2]/view[5]/view[2]/view[1]] not found
[W 2026-01-20 11:10:09,546 minium assertbase#354 _log_info_when_error] config: {'debug': False, 'base_dir': 'D:\\FreeTrust\\FreeU_WX_Minium', 'platform': 'ide', 'app': 'wx', 'debug_mode': 'ide', 'close_ide': False, 'auto_capture': 'auto', 'check_mp_foreground': True, 'auto_relaunch': False, 'device_desire': {}, 'account_info': {}, 'report_usage': True, 'remote_connect_timeout': 180, 'request_timeout': 60, 'use_push': True, 'full_reset': False, 'outputs': 'D:\\FreeTrust\\FreeU_WX_Minium\\outputs', 'enable_app_log': True, 'enable_network_panel': False, 'project_path': 'D:/FreeTrust/Project/fu-taro-card', 'dev_tool_path': 'C:/Program Files (x86)/Tencent/微信web开发者工具/cli.bat', 'test_port': 9420, 'mock_native_modal': {}, 'mock_request': [], 'auto_authorize': False, 'audits': None, 'teardown_snapshot': False, 'mock_images_dir': '', 'mock_images': {}, 'need_perf': False, 'appid': None, 'enable_h5': True, 'autofix': False, 'launch_path': '/pages/find/index', 'framework_capture': True, 'error_capture': False, 'assert_capture': True, 'create_time': '20260120110520', 'case_output': 'D:\\FreeTrust\\FreeU_WX_Minium\\outputs\\20260120110520\\test_myhome_friendship_create_others_character_specification\\20260120110953686580'}
[W 2026-01-20 11:10:09,546 minium assertbase#355 _log_info_when_error] build info: {'version': '1.6.0', 'revision': '33ce5b50b34ec18c51c054a7cc1bdfb3ab0a451b', 'branch': 'master', 'update_at': '2024-10-09 21:08:56'}
[W 2026-01-20 11:10:09,546 minium minitest#1029 _log_info_when_error] mini: 基础库3.8.0, 开发者工具2.01.2510260
[W 2026-01-20 11:10:09,546 minium minitest#1031 _log_info_when_error] native: <minium.native.wx_native.idenative.IdeNative object at 0x000001454D7B46E0>
