[E 2026-01-20 10:50:45,783 minium assertbase#308 _get_error_info] self._outcome is None, maybe a class error
[E 2026-01-20 10:50:45,786 minium assertbase#390 _get_stack_info] <bound method MiniTest._miniClassSetUp of <class 'test.test_home_page.MyHomeTest'>>
Traceback (most recent call last):
  File "C:\Users\Mandy\AppData\Local\Programs\Python\Python313\Lib\site-packages\minium\miniprogram\base_driver\connection.py", line 38, in __getattr__
    return self[name]
           ~~~~^^^^^^
KeyError: 'SDKVersion'

During handling of the above exception, another exception occurred:

Traceback (most recent call last):
  File "C:\Users\Mandy\AppData\Local\Programs\Python\Python313\Lib\site-packages\minium\miniprogram\wx_minium.py", line 839, in connect_dev_tool
    self._get_dev_tool_info()
    ~~~~~~~~~~~~~~~~~~~~~~~^^
  File "C:\Users\Mandy\AppData\Local\Programs\Python\Python313\Lib\site-packages\minium\miniprogram\wx_minium.py", line 233, in _get_dev_tool_info
    self.sdk_version = Version(result.SDKVersion)
                               ^^^^^^^^^^^^^^^^^
  File "C:\Users\Mandy\AppData\Local\Programs\Python\Python313\Lib\site-packages\minium\miniprogram\base_driver\connection.py", line 40, in __getattr__
    raise MiniNotAttributeError(name)
minium.framework.exception.MiniNotAttributeError: SDKVersion

During handling of the above exception, another exception occurred:

Traceback (most recent call last):
  File "C:\Users\Mandy\AppData\Local\Programs\Python\Python313\Lib\site-packages\minium\miniprogram\wx_minium.py", line 793, in launch_dev_tool
    self.connect_dev_tool(is_port_in_use)
    ~~~~~~~~~~~~~~~~~~~~~^^^^^^^^^^^^^^^^
  File "C:\Users\Mandy\AppData\Local\Programs\Python\Python313\Lib\site-packages\minium\miniprogram\base_driver\minium_log.py", line 148, in wrapper
    result = func(*args, **kwargs)
  File "C:\Users\Mandy\AppData\Local\Programs\Python\Python313\Lib\site-packages\minium\miniprogram\wx_minium.py", line 851, in connect_dev_tool
    raise MiniConnectError(
        "three times try to connect Dev tool has all fail ..."
    )
minium.framework.exception.MiniConnectError: three times try to connect Dev tool has all fail ...

During handling of the above exception, another exception occurred:

Traceback (most recent call last):
  File "C:\Users\Mandy\AppData\Local\Programs\Python\Python313\Lib\site-packages\minium\miniprogram\base_driver\connection.py", line 568, in reconnect
    self._connect(MAX_WAIT_TIMEOUT)
    ~~~~~~~~~~~~~^^^^^^^^^^^^^^^^^^
  File "C:\Users\Mandy\AppData\Local\Programs\Python\Python313\Lib\site-packages\minium\miniprogram\base_driver\connection.py", line 361, in _connect
    raise error_callback.result
  File "C:\Users\Mandy\AppData\Local\Programs\Python\Python313\Lib\site-packages\minium\miniprogram\wx_minium.py", line 836, in connect_dev_tool
    self.connection = Connection.create(
                      ~~~~~~~~~~~~~~~~~^
        self.uri, timeout=self.conf.get("request_timeout")
        ^^^^^^^^^^^^^^^^^^^^^^^^^^^^^^^^^^^^^^^^^^^^^^^^^^
    )
    ^
  File "C:\Users\Mandy\AppData\Local\Programs\Python\Python313\Lib\site-packages\minium\miniprogram\base_driver\connection.py", line 168, in create
    instance = cls(uri, *args, **kwargs)
  File "C:\Users\Mandy\AppData\Local\Programs\Python\Python313\Lib\site-packages\minium\miniprogram\base_driver\connection.py", line 209, in __init__
    self._connect()
    ~~~~~~~~~~~~~^^
  File "C:\Users\Mandy\AppData\Local\Programs\Python\Python313\Lib\site-packages\minium\miniprogram\base_driver\connection.py", line 361, in _connect
    raise error_callback.result
  File "C:\Users\Mandy\AppData\Local\Programs\Python\Python313\Lib\site-packages\websocket\_app.py", line 327, in run_forever
    self.sock.connect(
    ~~~~~~~~~~~~~~~~~^
        self.url, header=self.header, cookie=self.cookie,
        ^^^^^^^^^^^^^^^^^^^^^^^^^^^^^^^^^^^^^^^^^^^^^^^^^
    ...<3 lines>...
        host=host, origin=origin, suppress_origin=suppress_origin,
        ^^^^^^^^^^^^^^^^^^^^^^^^^^^^^^^^^^^^^^^^^^^^^^^^^^^^^^^^^^
        proxy_type=proxy_type, socket=self.prepared_socket)
        ^^^^^^^^^^^^^^^^^^^^^^^^^^^^^^^^^^^^^^^^^^^^^^^^^^^
  File "C:\Users\Mandy\AppData\Local\Programs\Python\Python313\Lib\site-packages\websocket\_core.py", line 244, in connect
    self.sock, addrs = connect(url, self.sock_opt, proxy_info(**options),
                       ~~~~~~~^^^^^^^^^^^^^^^^^^^^^^^^^^^^^^^^^^^^^^^^^^^
                               options.pop('socket', None))
                               ^^^^^^^^^^^^^^^^^^^^^^^^^^^^
  File "C:\Users\Mandy\AppData\Local\Programs\Python\Python313\Lib\site-packages\websocket\_http.py", line 130, in connect
    sock = _open_socket(addrinfo_list, options.sockopt, options.timeout)
  File "C:\Users\Mandy\AppData\Local\Programs\Python\Python313\Lib\site-packages\websocket\_http.py", line 205, in _open_socket
    raise err
  File "C:\Users\Mandy\AppData\Local\Programs\Python\Python313\Lib\site-packages\websocket\_http.py", line 185, in _open_socket
    sock.connect(address)
    ~~~~~~~~~~~~^^^^^^^^^
ConnectionRefusedError: [WinError 10061] 由于目标计算机积极拒绝，无法连接。

During handling of the above exception, another exception occurred:

Traceback (most recent call last):
  File "C:\Users\Mandy\AppData\Local\Programs\Python\Python313\Lib\site-packages\minium\framework\libs\unittest\suite.py", line 64, in _handleClassSetUp
    _miniClassSetUp()
    ~~~~~~~~~~~~~~~^^
  File "C:\Users\Mandy\AppData\Local\Programs\Python\Python313\Lib\site-packages\minium\framework\minitest.py", line 334, in _miniClassSetUp
    native, mini, miniprogram = init_miniprogram(cls.CONFIG)
                                ~~~~~~~~~~~~~~~~^^^^^^^^^^^^
  File "C:\Users\Mandy\AppData\Local\Programs\Python\Python313\Lib\site-packages\minium\framework\minitest.py", line 204, in init_miniprogram
    mini = get_minium(cfg)
  File "C:\Users\Mandy\AppData\Local\Programs\Python\Python313\Lib\site-packages\minium\framework\minitest.py", line 164, in get_minium
    g_minium = minium.miniprogram.get_minium_driver(conf=cfg, native=g_native)
  File "C:\Users\Mandy\AppData\Local\Programs\Python\Python313\Lib\site-packages\minium\miniprogram\__init__.py", line 28, in get_minium_driver
    return APP[application](conf, *args, **kwargs)
           ~~~~~~~~~~~~~~~~^^^^^^^^^^^^^^^^^^^^^^^
  File "C:\Users\Mandy\AppData\Local\Programs\Python\Python313\Lib\site-packages\minium\miniprogram\wx_minium.py", line 160, in __init__
    self.launch_weapp()
    ~~~~~~~~~~~~~~~~~^^
  File "C:\Users\Mandy\AppData\Local\Programs\Python\Python313\Lib\site-packages\minium\miniprogram\base_driver\minium_log.py", line 148, in wrapper
    result = func(*args, **kwargs)
  File "C:\Users\Mandy\AppData\Local\Programs\Python\Python313\Lib\site-packages\minium\miniprogram\wx_minium.py", line 635, in launch_weapp
    self.launch_dev_tool()
    ~~~~~~~~~~~~~~~~~~~~^^
  File "C:\Users\Mandy\AppData\Local\Programs\Python\Python313\Lib\site-packages\minium\miniprogram\base_driver\minium_log.py", line 148, in wrapper
    result = func(*args, **kwargs)
  File "C:\Users\Mandy\AppData\Local\Programs\Python\Python313\Lib\site-packages\minium\miniprogram\wx_minium.py", line 823, in launch_dev_tool
    self.connect_dev_tool(False)
    ~~~~~~~~~~~~~~~~~~~~~^^^^^^^
  File "C:\Users\Mandy\AppData\Local\Programs\Python\Python313\Lib\site-packages\minium\miniprogram\base_driver\minium_log.py", line 148, in wrapper
    result = func(*args, **kwargs)
  File "C:\Users\Mandy\AppData\Local\Programs\Python\Python313\Lib\site-packages\minium\miniprogram\wx_minium.py", line 851, in connect_dev_tool
    raise MiniConnectError(
        "three times try to connect Dev tool has all fail ..."
    )
minium.framework.exception.MiniConnectError: three times try to connect Dev tool has all fail ...
[W 2026-01-20 10:50:45,789 minium assertbase#354 _log_info_when_error] config: {'debug': False, 'base_dir': 'D:\\FreeTrust\\FreeU_WX_Minium', 'platform': 'ide', 'app': 'wx', 'debug_mode': 'ide', 'close_ide': False, 'auto_capture': 'auto', 'check_mp_foreground': True, 'auto_relaunch': False, 'device_desire': {}, 'account_info': {}, 'report_usage': True, 'remote_connect_timeout': 180, 'request_timeout': 60, 'use_push': True, 'full_reset': False, 'outputs': 'D:\\FreeTrust\\FreeU_WX_Minium\\outputs', 'enable_app_log': True, 'enable_network_panel': False, 'project_path': 'D:/FreeTrust/Project/fu-taro-card', 'dev_tool_path': 'C:/Program Files (x86)/Tencent/微信web开发者工具/cli.bat', 'test_port': 9420, 'mock_native_modal': {}, 'mock_request': [], 'auto_authorize': False, 'audits': None, 'teardown_snapshot': False, 'mock_images_dir': '', 'mock_images': {}, 'need_perf': False, 'appid': None, 'enable_h5': True, 'autofix': False, 'launch_path': '/pages/find/index', 'framework_capture': True, 'error_capture': False, 'assert_capture': True, 'create_time': '20260120104843', 'case_output': 'D:\\FreeTrust\\FreeU_WX_Minium\\outputs\\20260120104843\\test_myhome_friendship_status_change\\20260120105045778836'}
[W 2026-01-20 10:50:45,789 minium assertbase#355 _log_info_when_error] build info: {'version': '1.6.0', 'revision': '33ce5b50b34ec18c51c054a7cc1bdfb3ab0a451b', 'branch': 'master', 'update_at': '2024-10-09 21:08:56'}
[E 2026-01-20 10:50:45,789 minium utils#166 wrapper] catch error: 'MyHomeTest' object has no attribute 'autofix_info'
