[E 2026-01-21 11:03:25,874 minium test_find_page#716 test_public_business_image_all] 发布商务需求失败：Cannot choose from an empty sequence
[E 2026-01-21 11:03:27,883 minium minitest#793 _callTestMethod] test exception
Traceback (most recent call last):
  File "C:\Users\Mandy\AppData\Local\Programs\Python\Python313\Lib\site-packages\minium\framework\minitest.py", line 789, in _callTestMethod
    method()
    ~~~~~~^^
  File "D:\FreeTrust\FreeU_WX_Minium\test\test_find_page.py", line 475, in test_public_business_image_all
    random_element = random.choice(business_type_list)
  File "C:\Users\Mandy\AppData\Local\Programs\Python\Python313\Lib\random.py", line 351, in choice
    raise IndexError('Cannot choose from an empty sequence')
IndexError: Cannot choose from an empty sequence
[E 2026-01-21 11:03:29,948 minium assertbase#390 _get_stack_info] <bound method DynamicTest.test_public_business_image_all of <test.test_find_page.DynamicTest testMethod=test_public_business_image_all>>
Traceback (most recent call last):
  File "C:\Users\Mandy\AppData\Local\Programs\Python\Python313\Lib\site-packages\minium\framework\libs\unittest\case.py", line 43, in testPartExecutor
    yield
  File "C:\Users\Mandy\AppData\Local\Programs\Python\Python313\Lib\site-packages\minium\framework\libs\unittest\case.py", line 125, in run
    self._callTestMethod(testMethod)
    ~~~~~~~~~~~~~~~~~~~~^^^^^^^^^^^^
  File "C:\Users\Mandy\AppData\Local\Programs\Python\Python313\Lib\site-packages\minium\framework\minitest.py", line 789, in _callTestMethod
    method()
    ~~~~~~^^
  File "D:\FreeTrust\FreeU_WX_Minium\test\test_find_page.py", line 475, in test_public_business_image_all
    random_element = random.choice(business_type_list)
  File "C:\Users\Mandy\AppData\Local\Programs\Python\Python313\Lib\random.py", line 351, in choice
    raise IndexError('Cannot choose from an empty sequence')
IndexError: Cannot choose from an empty sequence
