[I 2026-01-20 11:27:57,399 minium minitest#432 _miniSetUp] =========Current case: test_myhome_friendship_create_others_character_specification=========
[I 2026-01-20 11:27:57,400 minium minitest#435 _miniSetUp] package info: D:.FreeTrust.FreeU_WX_Minium.test.test_home_page, case info: MyHomeTest.test_myhome_friendship_create_others_character_specification
[I 2026-01-20 11:27:57,400 minium basenative#59 wrapper] call BaseNative.check_connection
[I 2026-01-20 11:27:57,400 minium basenative#63 wrapper] call BaseNative.check_connection end True
[I 2026-01-20 11:27:57,400 minium basenative#59 wrapper] call BaseNative.back_to_miniprogram
[I 2026-01-20 11:27:57,401 minium basenative#794 back_to_miniprogram] try back_to_miniprogram 3
[I 2026-01-20 11:27:57,401 minium basenative#63 wrapper] call BaseNative.back_to_miniprogram end 
[I 2026-01-20 11:27:57,401 minium minitest#897 capture] capture setup.png
[W 2026-01-20 11:27:59,416 minium.App6800 app#682 screen_shot] 截图指令响应失败, 可能因为开发者工具不在前台导致
[W 2026-01-20 11:27:59,417 minium minitest#929 capture] D:\FreeTrust\FreeU_WX_Minium\outputs\20260120111925\test_myhome_friendship_create_others_character_specification\20260120112757398953\images\setup.png not exists
[I 2026-01-20 11:27:59,418 minium minitest#487 _miniSetUp] =========case: test_myhome_friendship_create_others_character_specification start=========
[I 2026-01-20 11:27:59,418 minium minitest#788 _callTestMethod] call test method
[I 2026-01-20 11:27:59,418 minium minitest#897 capture] capture 跳转至广场页前_112759.png.png
[W 2026-01-20 11:28:01,430 minium.App6800 app#682 screen_shot] 截图指令响应失败, 可能因为开发者工具不在前台导致
[W 2026-01-20 11:28:01,432 minium minitest#929 capture] D:\FreeTrust\FreeU_WX_Minium\outputs\20260120111925\test_myhome_friendship_create_others_character_specification\20260120112757398953\images\跳转至广场页前_112759.png.png not exists
[I 2026-01-20 11:28:01,433 minium minitest#897 capture] capture 跳转至广场页后_112801.png.png
[W 2026-01-20 11:28:03,437 minium.App6800 app#682 screen_shot] 截图指令响应失败, 可能因为开发者工具不在前台导致
[W 2026-01-20 11:28:03,438 minium minitest#929 capture] D:\FreeTrust\FreeU_WX_Minium\outputs\20260120111925\test_myhome_friendship_create_others_character_specification\20260120112757398953\images\跳转至广场页后_112801.png.png not exists
[I 2026-01-20 11:28:03,439 minium page#716 _get_elements_by_css] try to get elements: button[class='h5-button switch-button']
[I 2026-01-20 11:28:03,444 minium page#749 _get_elements_by_css] find elements success: [<minium.miniprogram.base_driver.element.BaseElement object at 0x000001F7970CF750>]
[I 2026-01-20 11:28:03,445 minium page#716 _get_elements_by_css] try to get elements: button[class='h5-button switch-button']
[I 2026-01-20 11:28:03,449 minium page#749 _get_elements_by_css] find elements success: [<minium.miniprogram.base_driver.element.BaseElement object at 0x000001F7970CF430>]
[I 2026-01-20 11:28:08,541 minium page#716 _get_elements_by_css] try to get elements: text.title-name
[I 2026-01-20 11:28:08,572 minium page#749 _get_elements_by_css] find elements success: [<minium.miniprogram.base_driver.element.BaseElement object at 0x000001F7970CF6B0>]
[I 2026-01-20 11:28:08,573 minium page#716 _get_elements_by_css] try to get elements: text.title-name
[I 2026-01-20 11:28:08,584 minium page#749 _get_elements_by_css] find elements success: [<minium.miniprogram.base_driver.element.BaseElement object at 0x000001F7970CFB10>]
[I 2026-01-20 11:28:08,585 minium page#716 _get_elements_by_css] try to get elements: text.title-name
[I 2026-01-20 11:28:08,599 minium page#749 _get_elements_by_css] find elements success: [<minium.miniprogram.base_driver.element.BaseElement object at 0x000001F7970CF6B0>]
[E 2026-01-20 11:28:08,832 minium.Conn6736 connection#668 __on_message] [47afe36c-3c9b-4d4f-ad66-9e3c7e0dff6c]: no such element
[E 2026-01-20 11:28:09,838 minium.Conn6736 connection#668 __on_message] [ad8b7f47-2e97-46ac-8b1f-92c0bc58962f]: no such element
[E 2026-01-20 11:28:10,844 minium.Conn6736 connection#668 __on_message] [b7650b7c-b060-462c-94ef-6dfd191c7378]: no such element
[E 2026-01-20 11:28:11,853 minium.Conn6736 connection#668 __on_message] [f057e568-c878-4c68-8ea0-fe2ce500c3e9]: no such element
[I 2026-01-20 11:28:12,818 minium.Conn6736 connection#704 _handle_async_msg] received async msg: 6c5b55ad-0c87-4637-978e-1de6945ae44d, maybe command ignore response
[E 2026-01-20 11:28:12,861 minium.Conn6736 connection#668 __on_message] [06d717bc-bf9e-404b-bcac-2af8ee0eabf2]: no such element
[E 2026-01-20 11:28:13,870 minium.Conn6736 connection#668 __on_message] [17095b77-48f3-47e8-a8c8-91acff074a63]: no such element
[E 2026-01-20 11:28:14,875 minium.Conn6736 connection#668 __on_message] [0f88b362-a06f-4595-bc87-9ded53ecc04d]: no such element
[E 2026-01-20 11:28:15,883 minium.Conn6736 connection#668 __on_message] [7d1726e0-c3ac-40d8-b3c3-c1492e13ecd8]: no such element
[E 2026-01-20 11:28:16,893 minium.Conn6736 connection#668 __on_message] [8aac3dbe-0422-47ac-b3ba-875a315a001c]: no such element
[E 2026-01-20 11:28:17,898 minium.Conn6736 connection#668 __on_message] [3954d10c-75f3-49cb-970d-ec7d84cfd404]: no such element
[E 2026-01-20 11:28:17,899 minium test_home_page#101 test_myhome_friendship_status_change] 个人说明书状态 休闲 切换失败：element[/view[2]/view[5]/view[2]/view[1]] not found
[I 2026-01-20 11:28:17,899 minium minitest#897 capture] capture 个人说明书切换休闲状态_112817.png.png
[E 2026-01-20 11:28:18,060 minium test_home_page#338 test_myhome_friendship_create_others_character_specification] 文字转名片创建个人说明书失败：element[/view[2]/view[5]/view[2]/view[1]] not found
[I 2026-01-20 11:28:18,061 minium minitest#897 capture] capture 文字转名片创建个人说明书失败，请手动检查_112818.png.png
[E 2026-01-20 11:28:18,200 minium minitest#793 _callTestMethod] test exception
Traceback (most recent call last):
  File "C:\Users\Mandy\AppData\Local\Programs\Python\Python313\Lib\site-packages\minium\framework\minitest.py", line 789, in _callTestMethod
    method()
    ~~~~~~^^
  File "D:\FreeTrust\FreeU_WX_Minium\test\test_home_page.py", line 219, in test_myhome_friendship_create_others_character_specification
    self.test_myhome_friendship_status_change()
    ~~~~~~~~~~~~~~~~~~~~~~~~~~~~~~~~~~~~~~~~~^^
  File "D:\FreeTrust\FreeU_WX_Minium\test\test_home_page.py", line 90, in test_myhome_friendship_status_change
    current_status = self.page.get_element(myhome_select_friendship_status_element,
                                           max_timeout=max_timeout)
  File "C:\Users\Mandy\AppData\Local\Programs\Python\Python313\Lib\site-packages\minium\miniprogram\base_driver\app.py", line 291, in wrapper
    return func(*args, **kwargs)
  File "C:\Users\Mandy\AppData\Local\Programs\Python\Python313\Lib\site-packages\minium\miniprogram\base_driver\minium_log.py", line 148, in wrapper
    result = func(*args, **kwargs)
  File "C:\Users\Mandy\AppData\Local\Programs\Python\Python313\Lib\site-packages\minium\miniprogram\base_driver\page\page.py", line 363, in get_element
    return self.get_element_by_xpath(
           ~~~~~~~~~~~~~~~~~~~~~~~~~^
        _selector,
        ^^^^^^^^^^
        max_timeout=max_timeout,
        ^^^^^^^^^^^^^^^^^^^^^^^^
        auto_fix=auto_fix
        ^^^^^^^^^^^^^^^^^
    )
    ^
  File "C:\Users\Mandy\AppData\Local\Programs\Python\Python313\Lib\site-packages\minium\miniprogram\base_driver\minium_log.py", line 148, in wrapper
    result = func(*args, **kwargs)
  File "C:\Users\Mandy\AppData\Local\Programs\Python\Python313\Lib\site-packages\minium\miniprogram\base_driver\page\page.py", line 613, in get_element_by_xpath
    raise MiniElementNotFoundError(_selector)
minium.framework.exception.MiniElementNotFoundError: element[/view[2]/view[5]/view[2]/view[1]] not found
[I 2026-01-20 11:28:18,202 minium minitest#796 _callTestMethod] end test method
[I 2026-01-20 11:28:18,204 minium minitest#897 capture] capture teardown.png
[I 2026-01-20 11:28:18,357 minium page#716 _get_elements_by_css] try to get elements: page
[I 2026-01-20 11:28:18,366 minium page#749 _get_elements_by_css] find elements success: [<minium.miniprogram.base_driver.element.CustomElement object at 0x000001F796777360>]
[I 2026-01-20 11:28:18,409 minium basenative#59 wrapper] call BaseNative.get_start_up
[I 2026-01-20 11:28:18,410 minium basenative#63 wrapper] call BaseNative.get_start_up end 
[E 2026-01-20 11:28:18,414 minium utils#166 wrapper] catch error: 'gbk' codec can't decode byte 0x83 in position 1202: illegal multibyte sequence
[E 2026-01-20 11:28:18,416 minium assertbase#390 _get_stack_info] <bound method MyHomeTest.test_myhome_friendship_create_others_character_specification of <test.test_home_page.MyHomeTest testMethod=test_myhome_friendship_create_others_character_specification>>
Traceback (most recent call last):
  File "C:\Users\Mandy\AppData\Local\Programs\Python\Python313\Lib\site-packages\minium\framework\libs\unittest\case.py", line 43, in testPartExecutor
    yield
  File "C:\Users\Mandy\AppData\Local\Programs\Python\Python313\Lib\site-packages\minium\framework\libs\unittest\case.py", line 125, in run
    self._callTestMethod(testMethod)
    ~~~~~~~~~~~~~~~~~~~~^^^^^^^^^^^^
  File "C:\Users\Mandy\AppData\Local\Programs\Python\Python313\Lib\site-packages\minium\framework\minitest.py", line 789, in _callTestMethod
    method()
    ~~~~~~^^
  File "D:\FreeTrust\FreeU_WX_Minium\test\test_home_page.py", line 219, in test_myhome_friendship_create_others_character_specification
    self.test_myhome_friendship_status_change()
    ~~~~~~~~~~~~~~~~~~~~~~~~~~~~~~~~~~~~~~~~~^^
  File "D:\FreeTrust\FreeU_WX_Minium\test\test_home_page.py", line 90, in test_myhome_friendship_status_change
    current_status = self.page.get_element(myhome_select_friendship_status_element,
                                           max_timeout=max_timeout)
  File "C:\Users\Mandy\AppData\Local\Programs\Python\Python313\Lib\site-packages\minium\miniprogram\base_driver\app.py", line 291, in wrapper
    return func(*args, **kwargs)
  File "C:\Users\Mandy\AppData\Local\Programs\Python\Python313\Lib\site-packages\minium\miniprogram\base_driver\minium_log.py", line 148, in wrapper
    result = func(*args, **kwargs)
  File "C:\Users\Mandy\AppData\Local\Programs\Python\Python313\Lib\site-packages\minium\miniprogram\base_driver\page\page.py", line 363, in get_element
    return self.get_element_by_xpath(
           ~~~~~~~~~~~~~~~~~~~~~~~~~^
        _selector,
        ^^^^^^^^^^
        max_timeout=max_timeout,
        ^^^^^^^^^^^^^^^^^^^^^^^^
        auto_fix=auto_fix
        ^^^^^^^^^^^^^^^^^
    )
    ^
  File "C:\Users\Mandy\AppData\Local\Programs\Python\Python313\Lib\site-packages\minium\miniprogram\base_driver\minium_log.py", line 148, in wrapper
    result = func(*args, **kwargs)
  File "C:\Users\Mandy\AppData\Local\Programs\Python\Python313\Lib\site-packages\minium\miniprogram\base_driver\page\page.py", line 613, in get_element_by_xpath
    raise MiniElementNotFoundError(_selector)
minium.framework.exception.MiniElementNotFoundError: element[/view[2]/view[5]/view[2]/view[1]] not found
[W 2026-01-20 11:28:18,418 minium assertbase#354 _log_info_when_error] config: {'debug': False, 'base_dir': 'D:\\FreeTrust\\FreeU_WX_Minium', 'platform': 'ide', 'app': 'wx', 'debug_mode': 'ide', 'close_ide': False, 'auto_capture': 'auto', 'check_mp_foreground': True, 'auto_relaunch': False, 'device_desire': {}, 'account_info': {}, 'report_usage': True, 'remote_connect_timeout': 180, 'request_timeout': 60, 'use_push': True, 'full_reset': False, 'outputs': 'D:\\FreeTrust\\FreeU_WX_Minium\\outputs', 'enable_app_log': True, 'enable_network_panel': False, 'project_path': 'D:/FreeTrust/Project/fu-taro-card', 'dev_tool_path': 'C:/Program Files (x86)/Tencent/微信web开发者工具/cli.bat', 'test_port': 9420, 'mock_native_modal': {}, 'mock_request': [], 'auto_authorize': False, 'audits': None, 'teardown_snapshot': False, 'mock_images_dir': '', 'mock_images': {}, 'need_perf': False, 'appid': None, 'enable_h5': True, 'autofix': False, 'launch_path': '/pages/find/index', 'framework_capture': True, 'error_capture': False, 'assert_capture': True, 'create_time': '20260120111925', 'case_output': 'D:\\FreeTrust\\FreeU_WX_Minium\\outputs\\20260120111925\\test_myhome_friendship_create_others_character_specification\\20260120112757398953'}
[W 2026-01-20 11:28:18,418 minium assertbase#355 _log_info_when_error] build info: {'version': '1.6.0', 'revision': '33ce5b50b34ec18c51c054a7cc1bdfb3ab0a451b', 'branch': 'master', 'update_at': '2024-10-09 21:08:56'}
[W 2026-01-20 11:28:18,419 minium minitest#1029 _log_info_when_error] mini: 基础库3.8.0, 开发者工具2.01.2510260
[W 2026-01-20 11:28:18,420 minium minitest#1031 _log_info_when_error] native: <minium.native.wx_native.idenative.IdeNative object at 0x000001F7967D46E0>
