[E 2026-01-20 12:49:38,916 minium test_find_page#569 test_public_business_image_all] 第 1 次选择失败：元素列表为空 - Cannot choose from an empty sequence
[E 2026-01-20 12:49:39,917 minium test_find_page#569 test_public_business_image_all] 第 2 次选择失败：元素列表为空 - Cannot choose from an empty sequence
[E 2026-01-20 12:49:40,919 minium test_find_page#569 test_public_business_image_all] 第 3 次选择失败：元素列表为空 - Cannot choose from an empty sequence
[E 2026-01-20 12:49:41,921 minium test_find_page#569 test_public_business_image_all] 第 4 次选择失败：元素列表为空 - Cannot choose from an empty sequence
[E 2026-01-20 12:49:42,924 minium test_find_page#569 test_public_business_image_all] 第 5 次选择失败：元素列表为空 - Cannot choose from an empty sequence
[E 2026-01-20 12:49:43,926 minium test_find_page#569 test_public_business_image_all] 第 6 次选择失败：元素列表为空 - Cannot choose from an empty sequence
[E 2026-01-20 12:49:43,927 minium test_find_page#581 test_public_business_image_all] 选择位置失败（已重试 5 次）
[E 2026-01-20 12:49:43,928 minium test_find_page#585 test_public_business_image_all] 选择/点击位置失败：选择位置失败（已重试 5 次）
Traceback (most recent call last):
  File "D:\FreeTrust\FreeU_WX_Minium\test\test_find_page.py", line 582, in test_public_business_image_all
    raise Exception(error_msg)
Exception: 选择位置失败（已重试 5 次）
[E 2026-01-20 12:49:44,031 minium test_find_page#711 test_public_business_image_all] 发布商务需求失败：选择位置失败（已重试 5 次）
[E 2026-01-20 12:49:44,127 minium minitest#793 _callTestMethod] test exception
Traceback (most recent call last):
  File "C:\Users\Mandy\AppData\Local\Programs\Python\Python313\Lib\site-packages\minium\framework\minitest.py", line 789, in _callTestMethod
    method()
    ~~~~~~^^
  File "D:\FreeTrust\FreeU_WX_Minium\test\test_find_page.py", line 582, in test_public_business_image_all
    raise Exception(error_msg)
Exception: 选择位置失败（已重试 5 次）
[E 2026-01-20 12:49:44,245 minium assertbase#390 _get_stack_info] <bound method DynamicTest.test_public_business_image_all of <test.test_find_page.DynamicTest testMethod=test_public_business_image_all>>
Traceback (most recent call last):
  File "C:\Users\Mandy\AppData\Local\Programs\Python\Python313\Lib\site-packages\minium\framework\libs\unittest\case.py", line 43, in testPartExecutor
    yield
  File "C:\Users\Mandy\AppData\Local\Programs\Python\Python313\Lib\site-packages\minium\framework\libs\unittest\case.py", line 125, in run
    self._callTestMethod(testMethod)
    ~~~~~~~~~~~~~~~~~~~~^^^^^^^^^^^^
  File "C:\Users\Mandy\AppData\Local\Programs\Python\Python313\Lib\site-packages\minium\framework\minitest.py", line 789, in _callTestMethod
    method()
    ~~~~~~^^
  File "D:\FreeTrust\FreeU_WX_Minium\test\test_find_page.py", line 582, in test_public_business_image_all
    raise Exception(error_msg)
Exception: 选择位置失败（已重试 5 次）
